Analysis & Synthesis report for In-Vehicle_Communication_IP_FPGA
Sun Mar 29 09:34:42 2026
Quartus Prime Version 25.1std.0 Build 1129 10/21/2025 SC Lite Edition


---------------------
; Table of Contents ;
---------------------
  1. Legal Notice
  2. Analysis & Synthesis Summary
  3. Analysis & Synthesis Settings
  4. Parallel Compilation
  5. Analysis & Synthesis Source Files Read
  6. Analysis & Synthesis Resource Usage Summary
  7. Analysis & Synthesis Resource Utilization by Entity
  8. Analysis & Synthesis RAM Summary
  9. State Machine - |can_fd_top|can_fd_rx:rx|state
 10. State Machine - |can_fd_top|can_fd_tx:tx|state
 11. Registers Removed During Synthesis
 12. Removed Registers Triggering Further Register Optimizations
 13. General Register Statistics
 14. Inverted Register Statistics
 15. Registers Packed Into Inferred Megafunctions
 16. Multiplexer Restructuring Statistics (Restructuring Performed)
 17. Source assignments for can_fd_rx:rx|altshift_taps:shift_stage1_rtl_0|shift_taps_juv:auto_generated|altsyncram_9gc1:altsyncram5
 18. Source assignments for can_fd_rx:rx|altshift_taps:shift_stage1_rtl_0|shift_taps_juv:auto_generated|cntr_e3h:cntr6
 19. Parameter Settings for User Entity Instance: bit_timing:bt
 20. Parameter Settings for Inferred Entity Instance: can_fd_rx:rx|altshift_taps:shift_stage1_rtl_0
 21. altshift_taps Parameter Settings by Entity Instance
 22. Port Connectivity Checks: "can_fd_rx:rx"
 23. Port Connectivity Checks: "can_fd_tx:tx"
 24. Port Connectivity Checks: "error_manager:err_mgr"
 25. Port Connectivity Checks: "crc:crc_inst"
 26. Port Connectivity Checks: "apb_slave:apb"
 27. Post-Synthesis Netlist Statistics for Top Partition
 28. Elapsed Time Per Partition
 29. Analysis & Synthesis Messages
 30. Analysis & Synthesis Suppressed Messages



----------------
; Legal Notice ;
----------------
Copyright (C) 2025  Altera Corporation. All rights reserved.
Your use of Altera Corporation's design tools, logic functions 
and other software and tools, and any partner logic 
functions, and any output files from any of the foregoing 
(including device programming or simulation files), and any 
associated documentation or information are expressly subject 
to the terms and conditions of the Altera Program License 
Subscription Agreement, the Altera Quartus Prime License Agreement,
the Altera IP License Agreement, or other applicable license
agreement, including, without limitation, that your use is for
the sole purpose of programming logic devices manufactured by
Altera and sold by Altera or its authorized distributors.  Please
refer to the Altera Software License Subscription Agreements 
on the Quartus Prime software download page.



+-----------------------------------------------------------------------------------+
; Analysis & Synthesis Summary                                                      ;
+---------------------------------+-------------------------------------------------+
; Analysis & Synthesis Status     ; Successful - Sun Mar 29 09:34:42 2026           ;
; Quartus Prime Version           ; 25.1std.0 Build 1129 10/21/2025 SC Lite Edition ;
; Revision Name                   ; In-Vehicle_Communication_IP_FPGA                ;
; Top-level Entity Name           ; can_fd_top                                      ;
; Family                          ; Cyclone V                                       ;
; Logic utilization (in ALMs)     ; N/A                                             ;
; Total registers                 ; 417                                             ;
; Total pins                      ; 82                                              ;
; Total virtual pins              ; 0                                               ;
; Total block memory bits         ; 97                                              ;
; Total DSP Blocks                ; 0                                               ;
; Total HSSI RX PCSs              ; 0                                               ;
; Total HSSI PMA RX Deserializers ; 0                                               ;
; Total HSSI TX PCSs              ; 0                                               ;
; Total HSSI PMA TX Serializers   ; 0                                               ;
; Total PLLs                      ; 0                                               ;
; Total DLLs                      ; 0                                               ;
+---------------------------------+-------------------------------------------------+


+-----------------------------------------------------------------------------------------------------------------------------------------+
; Analysis & Synthesis Settings                                                                                                           ;
+---------------------------------------------------------------------------------+--------------------+----------------------------------+
; Option                                                                          ; Setting            ; Default Value                    ;
+---------------------------------------------------------------------------------+--------------------+----------------------------------+
; Device                                                                          ; 5CGXFC7C6F23C6     ;                                  ;
; Top-level entity name                                                           ; can_fd_top         ; In-Vehicle_Communication_IP_FPGA ;
; Family name                                                                     ; Cyclone V          ; Cyclone V                        ;
; Use smart compilation                                                           ; Off                ; Off                              ;
; Enable parallel Assembler and Timing Analyzer during compilation                ; On                 ; On                               ;
; Enable compact report table                                                     ; Off                ; Off                              ;
; Restructure Multiplexers                                                        ; Auto               ; Auto                             ;
; MLAB Add Timing Constraints For Mixed-Port Feed-Through Mode Setting Don't Care ; Off                ; Off                              ;
; Create Debugging Nodes for IP Cores                                             ; Off                ; Off                              ;
; Preserve fewer node names                                                       ; On                 ; On                               ;
; Intel FPGA IP Evaluation Mode                                                   ; Enable             ; Enable                           ;
; Verilog Version                                                                 ; Verilog_2001       ; Verilog_2001                     ;
; VHDL Version                                                                    ; VHDL_1993          ; VHDL_1993                        ;
; State Machine Processing                                                        ; Auto               ; Auto                             ;
; Safe State Machine                                                              ; Off                ; Off                              ;
; Extract Verilog State Machines                                                  ; On                 ; On                               ;
; Extract VHDL State Machines                                                     ; On                 ; On                               ;
; Ignore Verilog initial constructs                                               ; Off                ; Off                              ;
; Iteration limit for constant Verilog loops                                      ; 5000               ; 5000                             ;
; Iteration limit for non-constant Verilog loops                                  ; 250                ; 250                              ;
; Add Pass-Through Logic to Inferred RAMs                                         ; On                 ; On                               ;
; Infer RAMs from Raw Logic                                                       ; On                 ; On                               ;
; Parallel Synthesis                                                              ; On                 ; On                               ;
; DSP Block Balancing                                                             ; Auto               ; Auto                             ;
; NOT Gate Push-Back                                                              ; On                 ; On                               ;
; Power-Up Don't Care                                                             ; On                 ; On                               ;
; Remove Redundant Logic Cells                                                    ; Off                ; Off                              ;
; Remove Duplicate Registers                                                      ; On                 ; On                               ;
; Ignore CARRY Buffers                                                            ; Off                ; Off                              ;
; Ignore CASCADE Buffers                                                          ; Off                ; Off                              ;
; Ignore GLOBAL Buffers                                                           ; Off                ; Off                              ;
; Ignore ROW GLOBAL Buffers                                                       ; Off                ; Off                              ;
; Ignore LCELL Buffers                                                            ; Off                ; Off                              ;
; Ignore SOFT Buffers                                                             ; On                 ; On                               ;
; Limit AHDL Integers to 32 Bits                                                  ; Off                ; Off                              ;
; Optimization Technique                                                          ; Balanced           ; Balanced                         ;
; Carry Chain Length                                                              ; 70                 ; 70                               ;
; Auto Carry Chains                                                               ; On                 ; On                               ;
; Auto Open-Drain Pins                                                            ; On                 ; On                               ;
; Perform WYSIWYG Primitive Resynthesis                                           ; Off                ; Off                              ;
; Auto ROM Replacement                                                            ; On                 ; On                               ;
; Auto RAM Replacement                                                            ; On                 ; On                               ;
; Auto DSP Block Replacement                                                      ; On                 ; On                               ;
; Auto Shift Register Replacement                                                 ; Auto               ; Auto                             ;
; Allow Shift Register Merging across Hierarchies                                 ; Auto               ; Auto                             ;
; Auto Clock Enable Replacement                                                   ; On                 ; On                               ;
; Strict RAM Replacement                                                          ; Off                ; Off                              ;
; Allow Synchronous Control Signals                                               ; On                 ; On                               ;
; Force Use of Synchronous Clear Signals                                          ; Off                ; Off                              ;
; Auto Resource Sharing                                                           ; Off                ; Off                              ;
; Allow Any RAM Size For Recognition                                              ; Off                ; Off                              ;
; Allow Any ROM Size For Recognition                                              ; Off                ; Off                              ;
; Allow Any Shift Register Size For Recognition                                   ; Off                ; Off                              ;
; Use LogicLock Constraints during Resource Balancing                             ; On                 ; On                               ;
; Ignore translate_off and synthesis_off directives                               ; Off                ; Off                              ;
; Timing-Driven Synthesis                                                         ; On                 ; On                               ;
; Report Parameter Settings                                                       ; On                 ; On                               ;
; Report Source Assignments                                                       ; On                 ; On                               ;
; Report Connectivity Checks                                                      ; On                 ; On                               ;
; Ignore Maximum Fan-Out Assignments                                              ; Off                ; Off                              ;
; Synchronization Register Chain Length                                           ; 3                  ; 3                                ;
; Power Optimization During Synthesis                                             ; Normal compilation ; Normal compilation               ;
; HDL message level                                                               ; Level2             ; Level2                           ;
; Suppress Register Optimization Related Messages                                 ; Off                ; Off                              ;
; Number of Removed Registers Reported in Synthesis Report                        ; 5000               ; 5000                             ;
; Number of Swept Nodes Reported in Synthesis Report                              ; 5000               ; 5000                             ;
; Number of Inverted Registers Reported in Synthesis Report                       ; 100                ; 100                              ;
; Clock MUX Protection                                                            ; On                 ; On                               ;
; Auto Gated Clock Conversion                                                     ; Off                ; Off                              ;
; Block Design Naming                                                             ; Auto               ; Auto                             ;
; SDC constraint protection                                                       ; Off                ; Off                              ;
; Synthesis Effort                                                                ; Auto               ; Auto                             ;
; Shift Register Replacement - Allow Asynchronous Clear Signal                    ; On                 ; On                               ;
; Pre-Mapping Resynthesis Optimization                                            ; Off                ; Off                              ;
; Analysis & Synthesis Message Level                                              ; Medium             ; Medium                           ;
; Disable Register Merging Across Hierarchies                                     ; Auto               ; Auto                             ;
; Resource Aware Inference For Block RAM                                          ; On                 ; On                               ;
; Automatic Parallel Synthesis                                                    ; On                 ; On                               ;
; Partial Reconfiguration Bitstream ID                                            ; Off                ; Off                              ;
+---------------------------------------------------------------------------------+--------------------+----------------------------------+


+------------------------------------------+
; Parallel Compilation                     ;
+----------------------------+-------------+
; Processors                 ; Number      ;
+----------------------------+-------------+
; Number detected on machine ; 8           ;
; Maximum allowed            ; 4           ;
;                            ;             ;
; Average used               ; 1.00        ;
; Maximum used               ; 4           ;
;                            ;             ;
; Usage by Processor         ; % Time Used ;
;     Processor 1            ; 100.0%      ;
;     Processor 2            ;   0.0%      ;
;     Processor 3            ;   0.0%      ;
;     Processor 4            ;   0.0%      ;
+----------------------------+-------------+


+-----------------------------------------------------------------------------------------------------------------------------------------------------------------------------------+
; Analysis & Synthesis Source Files Read                                                                                                                                            ;
+----------------------------------+-----------------+------------------------------+-------------------------------------------------------------------------------------+---------+
; File Name with User-Entered Path ; Used in Netlist ; File Type                    ; File Name with Absolute Path                                                        ; Library ;
+----------------------------------+-----------------+------------------------------+-------------------------------------------------------------------------------------+---------+
; RTL/top/can_fd_top.v             ; yes             ; User Verilog HDL File        ; D:/VLSI/In-Vehicle Communication IP (CAN + CAN-FD)/RTL/top/can_fd_top.v             ;         ;
; RTL/top/apb_slave.v              ; yes             ; User Verilog HDL File        ; D:/VLSI/In-Vehicle Communication IP (CAN + CAN-FD)/RTL/top/apb_slave.v              ;         ;
; RTL/tx/can_fd_tx.v               ; yes             ; User Verilog HDL File        ; D:/VLSI/In-Vehicle Communication IP (CAN + CAN-FD)/RTL/tx/can_fd_tx.v               ;         ;
; RTL/rx/can_fd_rx.v               ; yes             ; User Verilog HDL File        ; D:/VLSI/In-Vehicle Communication IP (CAN + CAN-FD)/RTL/rx/can_fd_rx.v               ;         ;
; RTL/protocol/interrupt_ctrl.v    ; yes             ; User Verilog HDL File        ; D:/VLSI/In-Vehicle Communication IP (CAN + CAN-FD)/RTL/protocol/interrupt_ctrl.v    ;         ;
; RTL/protocol/error_manager.v     ; yes             ; User Verilog HDL File        ; D:/VLSI/In-Vehicle Communication IP (CAN + CAN-FD)/RTL/protocol/error_manager.v     ;         ;
; RTL/protocol/crc.v               ; yes             ; User Verilog HDL File        ; D:/VLSI/In-Vehicle Communication IP (CAN + CAN-FD)/RTL/protocol/crc.v               ;         ;
; RTL/protocol/bit_stuff.v         ; yes             ; User Verilog HDL File        ; D:/VLSI/In-Vehicle Communication IP (CAN + CAN-FD)/RTL/protocol/bit_stuff.v         ;         ;
; RTL/protocol/bit_destuff.v       ; yes             ; User Verilog HDL File        ; D:/VLSI/In-Vehicle Communication IP (CAN + CAN-FD)/RTL/protocol/bit_destuff.v       ;         ;
; RTL/protocol/acceptance_filter.v ; yes             ; User Verilog HDL File        ; D:/VLSI/In-Vehicle Communication IP (CAN + CAN-FD)/RTL/protocol/acceptance_filter.v ;         ;
; RTL/common/bit_timing.v          ; yes             ; User Verilog HDL File        ; D:/VLSI/In-Vehicle Communication IP (CAN + CAN-FD)/RTL/common/bit_timing.v          ;         ;
; altshift_taps.tdf                ; yes             ; Megafunction                 ; c:/altera_lite/25.1std/quartus/libraries/megafunctions/altshift_taps.tdf            ;         ;
; altdpram.inc                     ; yes             ; Megafunction                 ; c:/altera_lite/25.1std/quartus/libraries/megafunctions/altdpram.inc                 ;         ;
; lpm_counter.inc                  ; yes             ; Megafunction                 ; c:/altera_lite/25.1std/quartus/libraries/megafunctions/lpm_counter.inc              ;         ;
; lpm_compare.inc                  ; yes             ; Megafunction                 ; c:/altera_lite/25.1std/quartus/libraries/megafunctions/lpm_compare.inc              ;         ;
; lpm_constant.inc                 ; yes             ; Megafunction                 ; c:/altera_lite/25.1std/quartus/libraries/megafunctions/lpm_constant.inc             ;         ;
; db/shift_taps_juv.tdf            ; yes             ; Auto-Generated Megafunction  ; D:/VLSI/In-Vehicle Communication IP (CAN + CAN-FD)/db/shift_taps_juv.tdf            ;         ;
; db/altsyncram_9gc1.tdf           ; yes             ; Auto-Generated Megafunction  ; D:/VLSI/In-Vehicle Communication IP (CAN + CAN-FD)/db/altsyncram_9gc1.tdf           ;         ;
; db/cntr_qjf.tdf                  ; yes             ; Auto-Generated Megafunction  ; D:/VLSI/In-Vehicle Communication IP (CAN + CAN-FD)/db/cntr_qjf.tdf                  ;         ;
; db/cmpr_f9c.tdf                  ; yes             ; Auto-Generated Megafunction  ; D:/VLSI/In-Vehicle Communication IP (CAN + CAN-FD)/db/cmpr_f9c.tdf                  ;         ;
; db/cntr_e3h.tdf                  ; yes             ; Auto-Generated Megafunction  ; D:/VLSI/In-Vehicle Communication IP (CAN + CAN-FD)/db/cntr_e3h.tdf                  ;         ;
+----------------------------------+-----------------+------------------------------+-------------------------------------------------------------------------------------+---------+


+-----------------------------------------------------------+
; Analysis & Synthesis Resource Usage Summary               ;
+---------------------------------------------+-------------+
; Resource                                    ; Usage       ;
+---------------------------------------------+-------------+
; Estimate of Logic utilization (ALMs needed) ; 282         ;
;                                             ;             ;
; Combinational ALUT usage for logic          ; 270         ;
;     -- 7 input functions                    ; 14          ;
;     -- 6 input functions                    ; 58          ;
;     -- 5 input functions                    ; 66          ;
;     -- 4 input functions                    ; 27          ;
;     -- <=3 input functions                  ; 105         ;
;                                             ;             ;
; Dedicated logic registers                   ; 417         ;
;                                             ;             ;
; I/O pins                                    ; 82          ;
; Total MLAB memory bits                      ; 0           ;
; Total block memory bits                     ; 97          ;
;                                             ;             ;
; Total DSP Blocks                            ; 0           ;
;                                             ;             ;
; Maximum fan-out node                        ; rst_n~input ;
; Maximum fan-out                             ; 243         ;
; Total fan-out                               ; 2797        ;
; Average fan-out                             ; 3.28        ;
+---------------------------------------------+-------------+


+-------------------------------------------------------------------------------------------------------------------------------------------------------------------------------------------------------------------------------------------------------------------------------------------------------------+
; Analysis & Synthesis Resource Utilization by Entity                                                                                                                                                                                                                                                         ;
+-------------------------------------------+---------------------+---------------------------+-------------------+------------+------+--------------+-----------------------------------------------------------------------------------------------------------------------+-----------------+--------------+
; Compilation Hierarchy Node                ; Combinational ALUTs ; Dedicated Logic Registers ; Block Memory Bits ; DSP Blocks ; Pins ; Virtual Pins ; Full Hierarchy Name                                                                                                   ; Entity Name     ; Library Name ;
+-------------------------------------------+---------------------+---------------------------+-------------------+------------+------+--------------+-----------------------------------------------------------------------------------------------------------------------+-----------------+--------------+
; |can_fd_top                               ; 270 (0)             ; 417 (0)                   ; 97                ; 0          ; 82   ; 0            ; |can_fd_top                                                                                                           ; can_fd_top      ; work         ;
;    |apb_slave:apb|                        ; 73 (73)             ; 160 (160)                 ; 0                 ; 0          ; 0    ; 0            ; |can_fd_top|apb_slave:apb                                                                                             ; apb_slave       ; work         ;
;    |bit_timing:bt|                        ; 5 (5)               ; 5 (5)                     ; 0                 ; 0          ; 0    ; 0            ; |can_fd_top|bit_timing:bt                                                                                             ; bit_timing      ; work         ;
;    |can_fd_rx:rx|                         ; 76 (34)             ; 83 (56)                   ; 97                ; 0          ; 0    ; 0            ; |can_fd_top|can_fd_rx:rx                                                                                              ; can_fd_rx       ; work         ;
;       |altshift_taps:shift_stage1_rtl_0|  ; 38 (0)              ; 22 (0)                    ; 97                ; 0          ; 0    ; 0            ; |can_fd_top|can_fd_rx:rx|altshift_taps:shift_stage1_rtl_0                                                             ; altshift_taps   ; work         ;
;          |shift_taps_juv:auto_generated|  ; 38 (13)             ; 22 (8)                    ; 97                ; 0          ; 0    ; 0            ; |can_fd_top|can_fd_rx:rx|altshift_taps:shift_stage1_rtl_0|shift_taps_juv:auto_generated                               ; shift_taps_juv  ; work         ;
;             |altsyncram_9gc1:altsyncram5| ; 0 (0)               ; 0 (0)                     ; 97                ; 0          ; 0    ; 0            ; |can_fd_top|can_fd_rx:rx|altshift_taps:shift_stage1_rtl_0|shift_taps_juv:auto_generated|altsyncram_9gc1:altsyncram5   ; altsyncram_9gc1 ; work         ;
;             |cntr_e3h:cntr6|              ; 15 (15)             ; 7 (7)                     ; 0                 ; 0          ; 0    ; 0            ; |can_fd_top|can_fd_rx:rx|altshift_taps:shift_stage1_rtl_0|shift_taps_juv:auto_generated|cntr_e3h:cntr6                ; cntr_e3h        ; work         ;
;             |cntr_qjf:cntr1|              ; 10 (9)              ; 7 (7)                     ; 0                 ; 0          ; 0    ; 0            ; |can_fd_top|can_fd_rx:rx|altshift_taps:shift_stage1_rtl_0|shift_taps_juv:auto_generated|cntr_qjf:cntr1                ; cntr_qjf        ; work         ;
;                |cmpr_f9c:cmpr9|           ; 1 (1)               ; 0 (0)                     ; 0                 ; 0          ; 0    ; 0            ; |can_fd_top|can_fd_rx:rx|altshift_taps:shift_stage1_rtl_0|shift_taps_juv:auto_generated|cntr_qjf:cntr1|cmpr_f9c:cmpr9 ; cmpr_f9c        ; work         ;
;       |bit_destuff:destuff_inst|          ; 4 (4)               ; 5 (5)                     ; 0                 ; 0          ; 0    ; 0            ; |can_fd_top|can_fd_rx:rx|bit_destuff:destuff_inst                                                                     ; bit_destuff     ; work         ;
;    |can_fd_tx:tx|                         ; 60 (55)             ; 129 (124)                 ; 0                 ; 0          ; 0    ; 0            ; |can_fd_top|can_fd_tx:tx                                                                                              ; can_fd_tx       ; work         ;
;       |bit_stuff:bs_inst|                 ; 5 (5)               ; 5 (5)                     ; 0                 ; 0          ; 0    ; 0            ; |can_fd_top|can_fd_tx:tx|bit_stuff:bs_inst                                                                            ; bit_stuff       ; work         ;
;    |crc:crc_inst|                         ; 15 (15)             ; 21 (21)                   ; 0                 ; 0          ; 0    ; 0            ; |can_fd_top|crc:crc_inst                                                                                              ; crc             ; work         ;
;    |error_manager:err_mgr|                ; 37 (37)             ; 16 (16)                   ; 0                 ; 0          ; 0    ; 0            ; |can_fd_top|error_manager:err_mgr                                                                                     ; error_manager   ; work         ;
;    |interrupt_ctrl:intr|                  ; 4 (4)               ; 3 (3)                     ; 0                 ; 0          ; 0    ; 0            ; |can_fd_top|interrupt_ctrl:intr                                                                                       ; interrupt_ctrl  ; work         ;
+-------------------------------------------+---------------------+---------------------------+-------------------+------------+------+--------------+-----------------------------------------------------------------------------------------------------------------------+-----------------+--------------+
Note: For table entries with two numbers listed, the numbers in parentheses indicate the number of resources of the given type used by the specific entity alone. The numbers listed outside of parentheses indicate the total resources of the given type used by the specific entity and all of its sub-entities in the hierarchy.


+------------------------------------------------------------------------------------------------------------------------------------------------------------------------------------------------------------------------+
; Analysis & Synthesis RAM Summary                                                                                                                                                                                       ;
+--------------------------------------------------------------------------------------------------------------------+------+------------------+--------------+--------------+--------------+--------------+------+------+
; Name                                                                                                               ; Type ; Mode             ; Port A Depth ; Port A Width ; Port B Depth ; Port B Width ; Size ; MIF  ;
+--------------------------------------------------------------------------------------------------------------------+------+------------------+--------------+--------------+--------------+--------------+------+------+
; can_fd_rx:rx|altshift_taps:shift_stage1_rtl_0|shift_taps_juv:auto_generated|altsyncram_9gc1:altsyncram5|ALTSYNCRAM ; AUTO ; Simple Dual Port ; 97           ; 1            ; 97           ; 1            ; 97   ; None ;
+--------------------------------------------------------------------------------------------------------------------+------+------------------+--------------+--------------+--------------+--------------+------+------+


Encoding Type:  One-Hot
+---------------------------------------------------------+
; State Machine - |can_fd_top|can_fd_rx:rx|state          ;
+---------------+------------+------------+---------------+
; Name          ; state.IDLE ; state.DONE ; state.RECEIVE ;
+---------------+------------+------------+---------------+
; state.IDLE    ; 0          ; 0          ; 0             ;
; state.RECEIVE ; 1          ; 0          ; 1             ;
; state.DONE    ; 1          ; 1          ; 0             ;
+---------------+------------+------------+---------------+


Encoding Type:  One-Hot
+---------------------------------------------------------------------------------------------------------------+
; State Machine - |can_fd_top|can_fd_tx:tx|state                                                                ;
+------------+-----------+-----------+-----------+------------+------------+-----------+-----------+------------+
; Name       ; state.EOF ; state.ACK ; state.CRC ; state.DATA ; state.CTRL ; state.ARB ; state.SOF ; state.IDLE ;
+------------+-----------+-----------+-----------+------------+------------+-----------+-----------+------------+
; state.IDLE ; 0         ; 0         ; 0         ; 0          ; 0          ; 0         ; 0         ; 0          ;
; state.SOF  ; 0         ; 0         ; 0         ; 0          ; 0          ; 0         ; 1         ; 1          ;
; state.ARB  ; 0         ; 0         ; 0         ; 0          ; 0          ; 1         ; 0         ; 1          ;
; state.CTRL ; 0         ; 0         ; 0         ; 0          ; 1          ; 0         ; 0         ; 1          ;
; state.DATA ; 0         ; 0         ; 0         ; 1          ; 0          ; 0         ; 0         ; 1          ;
; state.CRC  ; 0         ; 0         ; 1         ; 0          ; 0          ; 0         ; 0         ; 1          ;
; state.ACK  ; 0         ; 1         ; 0         ; 0          ; 0          ; 0         ; 0         ; 1          ;
; state.EOF  ; 1         ; 0         ; 0         ; 0          ; 0          ; 0         ; 0         ; 1          ;
+------------+-----------+-----------+-----------+------------+------------+-----------+-----------+------------+


+--------------------------------------------------------------------------------------+
; Registers Removed During Synthesis                                                   ;
+-----------------------------------------+--------------------------------------------+
; Register name                           ; Reason for Removal                         ;
+-----------------------------------------+--------------------------------------------+
; can_fd_rx:rx|bit_error                  ; Stuck at GND due to stuck port data_in     ;
; can_fd_tx:tx|data_stage1[32..63]        ; Stuck at GND due to stuck port data_in     ;
; can_fd_tx:tx|data_stage2[32..63]        ; Stuck at GND due to stuck port data_in     ;
; can_fd_rx:rx|shift_stage2[126]          ; Merged with can_fd_rx:rx|shift_stage1[127] ;
; can_fd_rx:rx|shift_stage2[125]          ; Merged with can_fd_rx:rx|shift_stage1[126] ;
; can_fd_rx:rx|shift_stage2[124]          ; Merged with can_fd_rx:rx|shift_stage1[125] ;
; can_fd_rx:rx|shift_stage2[123]          ; Merged with can_fd_rx:rx|shift_stage1[124] ;
; can_fd_rx:rx|shift_stage2[122]          ; Merged with can_fd_rx:rx|shift_stage1[123] ;
; can_fd_rx:rx|shift_stage2[121]          ; Merged with can_fd_rx:rx|shift_stage1[122] ;
; can_fd_rx:rx|shift_stage2[120]          ; Merged with can_fd_rx:rx|shift_stage1[121] ;
; can_fd_rx:rx|shift_stage2[119]          ; Merged with can_fd_rx:rx|shift_stage1[120] ;
; can_fd_rx:rx|shift_stage2[118]          ; Merged with can_fd_rx:rx|shift_stage1[119] ;
; can_fd_rx:rx|shift_stage2[117]          ; Merged with can_fd_rx:rx|shift_stage1[118] ;
; can_fd_rx:rx|shift_stage2[20]           ; Merged with can_fd_rx:rx|shift_stage1[21]  ;
; can_fd_rx:rx|shift_stage2[19]           ; Merged with can_fd_rx:rx|shift_stage1[20]  ;
; can_fd_rx:rx|shift_stage2[18]           ; Merged with can_fd_rx:rx|shift_stage1[19]  ;
; can_fd_rx:rx|shift_stage2[17]           ; Merged with can_fd_rx:rx|shift_stage1[18]  ;
; can_fd_rx:rx|shift_stage2[16]           ; Merged with can_fd_rx:rx|shift_stage1[17]  ;
; can_fd_rx:rx|shift_stage2[15]           ; Merged with can_fd_rx:rx|shift_stage1[16]  ;
; can_fd_rx:rx|shift_stage2[14]           ; Merged with can_fd_rx:rx|shift_stage1[15]  ;
; can_fd_rx:rx|shift_stage2[13]           ; Merged with can_fd_rx:rx|shift_stage1[14]  ;
; can_fd_rx:rx|shift_stage2[12]           ; Merged with can_fd_rx:rx|shift_stage1[13]  ;
; can_fd_rx:rx|shift_stage2[11]           ; Merged with can_fd_rx:rx|shift_stage1[12]  ;
; can_fd_rx:rx|shift_stage2[10]           ; Merged with can_fd_rx:rx|shift_stage1[11]  ;
; can_fd_rx:rx|shift_stage2[9]            ; Merged with can_fd_rx:rx|shift_stage1[10]  ;
; can_fd_rx:rx|shift_stage2[8]            ; Merged with can_fd_rx:rx|shift_stage1[9]   ;
; can_fd_rx:rx|shift_stage2[7]            ; Merged with can_fd_rx:rx|shift_stage1[8]   ;
; can_fd_rx:rx|shift_stage2[6]            ; Merged with can_fd_rx:rx|shift_stage1[7]   ;
; can_fd_rx:rx|shift_stage2[5]            ; Merged with can_fd_rx:rx|shift_stage1[6]   ;
; can_fd_rx:rx|shift_stage2[4]            ; Merged with can_fd_rx:rx|shift_stage1[5]   ;
; can_fd_rx:rx|shift_stage2[3]            ; Merged with can_fd_rx:rx|shift_stage1[4]   ;
; can_fd_rx:rx|shift_stage2[2]            ; Merged with can_fd_rx:rx|shift_stage1[3]   ;
; can_fd_rx:rx|shift_stage2[1]            ; Merged with can_fd_rx:rx|shift_stage1[2]   ;
; can_fd_rx:rx|shift_stage2[0]            ; Merged with can_fd_rx:rx|shift_stage1[1]   ;
; can_fd_tx:tx|state~11                   ; Lost fanout                                ;
; can_fd_tx:tx|state~12                   ; Lost fanout                                ;
; can_fd_tx:tx|state~13                   ; Lost fanout                                ;
; can_fd_tx:tx|state~14                   ; Lost fanout                                ;
; Total Number of Removed Registers = 100 ;                                            ;
+-----------------------------------------+--------------------------------------------+


+---------------------------------------------------------------------------------------------------+
; Removed Registers Triggering Further Register Optimizations                                       ;
+------------------------------+---------------------------+----------------------------------------+
; Register name                ; Reason for Removal        ; Registers Removed due to This Register ;
+------------------------------+---------------------------+----------------------------------------+
; can_fd_tx:tx|data_stage1[63] ; Stuck at GND              ; can_fd_tx:tx|data_stage2[63]           ;
;                              ; due to stuck port data_in ;                                        ;
; can_fd_tx:tx|data_stage1[62] ; Stuck at GND              ; can_fd_tx:tx|data_stage2[62]           ;
;                              ; due to stuck port data_in ;                                        ;
; can_fd_tx:tx|data_stage1[61] ; Stuck at GND              ; can_fd_tx:tx|data_stage2[61]           ;
;                              ; due to stuck port data_in ;                                        ;
; can_fd_tx:tx|data_stage1[60] ; Stuck at GND              ; can_fd_tx:tx|data_stage2[60]           ;
;                              ; due to stuck port data_in ;                                        ;
; can_fd_tx:tx|data_stage1[59] ; Stuck at GND              ; can_fd_tx:tx|data_stage2[59]           ;
;                              ; due to stuck port data_in ;                                        ;
; can_fd_tx:tx|data_stage1[58] ; Stuck at GND              ; can_fd_tx:tx|data_stage2[58]           ;
;                              ; due to stuck port data_in ;                                        ;
; can_fd_tx:tx|data_stage1[57] ; Stuck at GND              ; can_fd_tx:tx|data_stage2[57]           ;
;                              ; due to stuck port data_in ;                                        ;
; can_fd_tx:tx|data_stage1[56] ; Stuck at GND              ; can_fd_tx:tx|data_stage2[56]           ;
;                              ; due to stuck port data_in ;                                        ;
; can_fd_tx:tx|data_stage1[55] ; Stuck at GND              ; can_fd_tx:tx|data_stage2[55]           ;
;                              ; due to stuck port data_in ;                                        ;
; can_fd_tx:tx|data_stage1[54] ; Stuck at GND              ; can_fd_tx:tx|data_stage2[54]           ;
;                              ; due to stuck port data_in ;                                        ;
; can_fd_tx:tx|data_stage1[53] ; Stuck at GND              ; can_fd_tx:tx|data_stage2[53]           ;
;                              ; due to stuck port data_in ;                                        ;
; can_fd_tx:tx|data_stage1[52] ; Stuck at GND              ; can_fd_tx:tx|data_stage2[52]           ;
;                              ; due to stuck port data_in ;                                        ;
; can_fd_tx:tx|data_stage1[51] ; Stuck at GND              ; can_fd_tx:tx|data_stage2[51]           ;
;                              ; due to stuck port data_in ;                                        ;
; can_fd_tx:tx|data_stage1[50] ; Stuck at GND              ; can_fd_tx:tx|data_stage2[50]           ;
;                              ; due to stuck port data_in ;                                        ;
; can_fd_tx:tx|data_stage1[49] ; Stuck at GND              ; can_fd_tx:tx|data_stage2[49]           ;
;                              ; due to stuck port data_in ;                                        ;
; can_fd_tx:tx|data_stage1[48] ; Stuck at GND              ; can_fd_tx:tx|data_stage2[48]           ;
;                              ; due to stuck port data_in ;                                        ;
; can_fd_tx:tx|data_stage1[47] ; Stuck at GND              ; can_fd_tx:tx|data_stage2[47]           ;
;                              ; due to stuck port data_in ;                                        ;
; can_fd_tx:tx|data_stage1[46] ; Stuck at GND              ; can_fd_tx:tx|data_stage2[46]           ;
;                              ; due to stuck port data_in ;                                        ;
; can_fd_tx:tx|data_stage1[45] ; Stuck at GND              ; can_fd_tx:tx|data_stage2[45]           ;
;                              ; due to stuck port data_in ;                                        ;
; can_fd_tx:tx|data_stage1[44] ; Stuck at GND              ; can_fd_tx:tx|data_stage2[44]           ;
;                              ; due to stuck port data_in ;                                        ;
; can_fd_tx:tx|data_stage1[43] ; Stuck at GND              ; can_fd_tx:tx|data_stage2[43]           ;
;                              ; due to stuck port data_in ;                                        ;
; can_fd_tx:tx|data_stage1[42] ; Stuck at GND              ; can_fd_tx:tx|data_stage2[42]           ;
;                              ; due to stuck port data_in ;                                        ;
; can_fd_tx:tx|data_stage1[41] ; Stuck at GND              ; can_fd_tx:tx|data_stage2[41]           ;
;                              ; due to stuck port data_in ;                                        ;
; can_fd_tx:tx|data_stage1[40] ; Stuck at GND              ; can_fd_tx:tx|data_stage2[40]           ;
;                              ; due to stuck port data_in ;                                        ;
; can_fd_tx:tx|data_stage1[39] ; Stuck at GND              ; can_fd_tx:tx|data_stage2[39]           ;
;                              ; due to stuck port data_in ;                                        ;
; can_fd_tx:tx|data_stage1[38] ; Stuck at GND              ; can_fd_tx:tx|data_stage2[38]           ;
;                              ; due to stuck port data_in ;                                        ;
; can_fd_tx:tx|data_stage1[37] ; Stuck at GND              ; can_fd_tx:tx|data_stage2[37]           ;
;                              ; due to stuck port data_in ;                                        ;
; can_fd_tx:tx|data_stage1[36] ; Stuck at GND              ; can_fd_tx:tx|data_stage2[36]           ;
;                              ; due to stuck port data_in ;                                        ;
; can_fd_tx:tx|data_stage1[35] ; Stuck at GND              ; can_fd_tx:tx|data_stage2[35]           ;
;                              ; due to stuck port data_in ;                                        ;
; can_fd_tx:tx|data_stage1[34] ; Stuck at GND              ; can_fd_tx:tx|data_stage2[34]           ;
;                              ; due to stuck port data_in ;                                        ;
; can_fd_tx:tx|data_stage1[33] ; Stuck at GND              ; can_fd_tx:tx|data_stage2[33]           ;
;                              ; due to stuck port data_in ;                                        ;
; can_fd_tx:tx|data_stage1[32] ; Stuck at GND              ; can_fd_tx:tx|data_stage2[32]           ;
;                              ; due to stuck port data_in ;                                        ;
+------------------------------+---------------------------+----------------------------------------+


+------------------------------------------------------+
; General Register Statistics                          ;
+----------------------------------------------+-------+
; Statistic                                    ; Value ;
+----------------------------------------------+-------+
; Total registers                              ; 417   ;
; Number of registers using Synchronous Clear  ; 16    ;
; Number of registers using Synchronous Load   ; 5     ;
; Number of registers using Asynchronous Clear ; 402   ;
; Number of registers using Asynchronous Load  ; 0     ;
; Number of registers using Clock Enable       ; 299   ;
; Number of registers using Preset             ; 0     ;
+----------------------------------------------+-------+


+-----------------------------------------------------------------------------------------------------------------------+
; Inverted Register Statistics                                                                                          ;
+-------------------------------------------------------------------------------------------------------------+---------+
; Inverted Register                                                                                           ; Fan out ;
+-------------------------------------------------------------------------------------------------------------+---------+
; can_fd_tx:tx|can_tx_raw                                                                                     ; 7       ;
; can_fd_rx:rx|altshift_taps:shift_stage1_rtl_0|shift_taps_juv:auto_generated|dffe7                           ; 1       ;
; can_fd_rx:rx|altshift_taps:shift_stage1_rtl_0|shift_taps_juv:auto_generated|cntr_e3h:cntr6|counter_reg_bit6 ; 1       ;
; can_fd_rx:rx|altshift_taps:shift_stage1_rtl_0|shift_taps_juv:auto_generated|cntr_e3h:cntr6|counter_reg_bit4 ; 1       ;
; can_fd_rx:rx|altshift_taps:shift_stage1_rtl_0|shift_taps_juv:auto_generated|cntr_e3h:cntr6|counter_reg_bit3 ; 1       ;
; can_fd_rx:rx|altshift_taps:shift_stage1_rtl_0|shift_taps_juv:auto_generated|cntr_e3h:cntr6|counter_reg_bit2 ; 1       ;
; can_fd_rx:rx|altshift_taps:shift_stage1_rtl_0|shift_taps_juv:auto_generated|cntr_e3h:cntr6|counter_reg_bit1 ; 1       ;
; can_fd_rx:rx|altshift_taps:shift_stage1_rtl_0|shift_taps_juv:auto_generated|cntr_e3h:cntr6|counter_reg_bit0 ; 1       ;
; Total number of inverted registers = 8                                                                      ;         ;
+-------------------------------------------------------------------------------------------------------------+---------+


+-----------------------------------------------------------------------------------+
; Registers Packed Into Inferred Megafunctions                                      ;
+------------------------------------+---------------------------------+------------+
; Register Name                      ; Megafunction                    ; Type       ;
+------------------------------------+---------------------------------+------------+
; can_fd_rx:rx|shift_stage1[22..118] ; can_fd_rx:rx|shift_stage1_rtl_0 ; SHIFT_TAPS ;
+------------------------------------+---------------------------------+------------+


+--------------------------------------------------------------------------------------------------------------------------------------------------------------------------+
; Multiplexer Restructuring Statistics (Restructuring Performed)                                                                                                           ;
+--------------------+-----------+---------------+----------------------+------------------------+------------+------------------------------------------------------------+
; Multiplexer Inputs ; Bus Width ; Baseline Area ; Area if Restructured ; Saving if Restructured ; Registered ; Example Multiplexer Output                                 ;
+--------------------+-----------+---------------+----------------------+------------------------+------------+------------------------------------------------------------+
; 3:1                ; 3 bits    ; 6 LEs         ; 3 LEs                ; 3 LEs                  ; Yes        ; |can_fd_top|error_manager:err_mgr|TEC[1]                   ;
; 3:1                ; 8 bits    ; 16 LEs        ; 8 LEs                ; 8 LEs                  ; Yes        ; |can_fd_top|error_manager:err_mgr|REC[4]                   ;
; 3:1                ; 3 bits    ; 6 LEs         ; 6 LEs                ; 0 LEs                  ; Yes        ; |can_fd_top|can_fd_tx:tx|bit_stuff:bs_inst|count[0]        ;
; 3:1                ; 3 bits    ; 6 LEs         ; 6 LEs                ; 0 LEs                  ; Yes        ; |can_fd_top|can_fd_rx:rx|bit_destuff:destuff_inst|count[0] ;
; 4:1                ; 5 bits    ; 10 LEs        ; 10 LEs               ; 0 LEs                  ; Yes        ; |can_fd_top|error_manager:err_mgr|TEC[4]                   ;
; 5:1                ; 8 bits    ; 24 LEs        ; 0 LEs                ; 24 LEs                 ; Yes        ; |can_fd_top|can_fd_tx:tx|bit_cnt[6]                        ;
; 256:1              ; 32 bits   ; 5440 LEs      ; 256 LEs              ; 5184 LEs               ; No         ; |can_fd_top|apb_slave:apb|Selector31                       ;
; 11:1               ; 4 bits    ; 28 LEs        ; 20 LEs               ; 8 LEs                  ; No         ; |can_fd_top|can_fd_tx:tx|state                             ;
+--------------------+-----------+---------------+----------------------+------------------------+------------+------------------------------------------------------------+


+--------------------------------------------------------------------------------------------------------------------------------+
; Source assignments for can_fd_rx:rx|altshift_taps:shift_stage1_rtl_0|shift_taps_juv:auto_generated|altsyncram_9gc1:altsyncram5 ;
+---------------------------------+--------------------+------+------------------------------------------------------------------+
; Assignment                      ; Value              ; From ; To                                                               ;
+---------------------------------+--------------------+------+------------------------------------------------------------------+
; OPTIMIZE_POWER_DURING_SYNTHESIS ; NORMAL_COMPILATION ; -    ; -                                                                ;
+---------------------------------+--------------------+------+------------------------------------------------------------------+


+-------------------------------------------------------------------------------------------------------------------+
; Source assignments for can_fd_rx:rx|altshift_taps:shift_stage1_rtl_0|shift_taps_juv:auto_generated|cntr_e3h:cntr6 ;
+----------------+-------+------+-----------------------------------------------------------------------------------+
; Assignment     ; Value ; From ; To                                                                                ;
+----------------+-------+------+-----------------------------------------------------------------------------------+
; POWER_UP_LEVEL ; HIGH  ; -    ; counter_reg_bit0                                                                  ;
; POWER_UP_LEVEL ; HIGH  ; -    ; counter_reg_bit1                                                                  ;
; POWER_UP_LEVEL ; HIGH  ; -    ; counter_reg_bit2                                                                  ;
; POWER_UP_LEVEL ; HIGH  ; -    ; counter_reg_bit3                                                                  ;
; POWER_UP_LEVEL ; HIGH  ; -    ; counter_reg_bit4                                                                  ;
; POWER_UP_LEVEL ; HIGH  ; -    ; counter_reg_bit6                                                                  ;
+----------------+-------+------+-----------------------------------------------------------------------------------+


+------------------------------------------------------------+
; Parameter Settings for User Entity Instance: bit_timing:bt ;
+----------------+-------+-----------------------------------+
; Parameter Name ; Value ; Type                              ;
+----------------+-------+-----------------------------------+
; DIV            ; 10    ; Signed Integer                    ;
+----------------+-------+-----------------------------------+
Note: In order to hide this table in the UI and the text report file, please set the "Show Parameter Settings in Synthesis Report" option in "Analysis and Synthesis Settings -> More Settings" to "Off".


+------------------------------------------------------------------------------------------------+
; Parameter Settings for Inferred Entity Instance: can_fd_rx:rx|altshift_taps:shift_stage1_rtl_0 ;
+----------------+----------------+--------------------------------------------------------------+
; Parameter Name ; Value          ; Type                                                         ;
+----------------+----------------+--------------------------------------------------------------+
; WIDTH_BYTEENA  ; 1              ; Untyped                                                      ;
; NUMBER_OF_TAPS ; 1              ; Untyped                                                      ;
; TAP_DISTANCE   ; 97             ; Untyped                                                      ;
; WIDTH          ; 1              ; Untyped                                                      ;
; POWER_UP_STATE ; DONT_CARE      ; Untyped                                                      ;
; CBXI_PARAMETER ; shift_taps_juv ; Untyped                                                      ;
+----------------+----------------+--------------------------------------------------------------+
Note: In order to hide this table in the UI and the text report file, please set the "Show Parameter Settings in Synthesis Report" option in "Analysis and Synthesis Settings -> More Settings" to "Off".


+----------------------------------------------------------------------------+
; altshift_taps Parameter Settings by Entity Instance                        ;
+----------------------------+-----------------------------------------------+
; Name                       ; Value                                         ;
+----------------------------+-----------------------------------------------+
; Number of entity instances ; 1                                             ;
; Entity Instance            ; can_fd_rx:rx|altshift_taps:shift_stage1_rtl_0 ;
;     -- NUMBER_OF_TAPS      ; 1                                             ;
;     -- TAP_DISTANCE        ; 97                                            ;
;     -- WIDTH               ; 1                                             ;
+----------------------------+-----------------------------------------------+


+---------------------------------------------------------------------------------------------------------------------+
; Port Connectivity Checks: "can_fd_rx:rx"                                                                            ;
+-----------+--------+----------+-------------------------------------------------------------------------------------+
; Port      ; Type   ; Severity ; Details                                                                             ;
+-----------+--------+----------+-------------------------------------------------------------------------------------+
; rx_id     ; Output ; Info     ; Connected to dangling logic. Logic that only feeds a dangling port will be removed. ;
; rx_data   ; Output ; Info     ; Connected to dangling logic. Logic that only feeds a dangling port will be removed. ;
; crc_error ; Output ; Info     ; Explicitly unconnected                                                              ;
; bit_error ; Output ; Info     ; Explicitly unconnected                                                              ;
+-----------+--------+----------+-------------------------------------------------------------------------------------+


+------------------------------------------------------------------------------------------------------------------------+
; Port Connectivity Checks: "can_fd_tx:tx"                                                                               ;
+--------------+--------+----------+-------------------------------------------------------------------------------------+
; Port         ; Type   ; Severity ; Details                                                                             ;
+--------------+--------+----------+-------------------------------------------------------------------------------------+
; tx_len[5..4] ; Input  ; Info     ; Stuck at GND                                                                        ;
; tx_len[2..0] ; Input  ; Info     ; Stuck at GND                                                                        ;
; tx_len[3]    ; Input  ; Info     ; Stuck at VCC                                                                        ;
; arb_lost     ; Output ; Info     ; Connected to dangling logic. Logic that only feeds a dangling port will be removed. ;
+--------------+--------+----------+-------------------------------------------------------------------------------------+


+----------------------------------------------------------------------------------------------------------------+
; Port Connectivity Checks: "error_manager:err_mgr"                                                              ;
+------+--------+----------+-------------------------------------------------------------------------------------+
; Port ; Type   ; Severity ; Details                                                                             ;
+------+--------+----------+-------------------------------------------------------------------------------------+
; TEC  ; Output ; Info     ; Connected to dangling logic. Logic that only feeds a dangling port will be removed. ;
; REC  ; Output ; Info     ; Connected to dangling logic. Logic that only feeds a dangling port will be removed. ;
+------+--------+----------+-------------------------------------------------------------------------------------+


+------------------------------------------------+
; Port Connectivity Checks: "crc:crc_inst"       ;
+--------------+-------+----------+--------------+
; Port         ; Type  ; Severity ; Details      ;
+--------------+-------+----------+--------------+
; data[63..32] ; Input ; Info     ; Stuck at GND ;
+--------------+-------+----------+--------------+


+-----------------------------------------------------------------------------------------------------------------------------+
; Port Connectivity Checks: "apb_slave:apb"                                                                                   ;
+-------------------+--------+----------+-------------------------------------------------------------------------------------+
; Port              ; Type   ; Severity ; Details                                                                             ;
+-------------------+--------+----------+-------------------------------------------------------------------------------------+
; CTRL[31..2]       ; Output ; Info     ; Connected to dangling logic. Logic that only feeds a dangling port will be removed. ;
; TX_ID[31..11]     ; Output ; Info     ; Connected to dangling logic. Logic that only feeds a dangling port will be removed. ;
; FILTER_ID[31..11] ; Output ; Info     ; Connected to dangling logic. Logic that only feeds a dangling port will be removed. ;
; MASK[31..11]      ; Output ; Info     ; Connected to dangling logic. Logic that only feeds a dangling port will be removed. ;
+-------------------+--------+----------+-------------------------------------------------------------------------------------+


+-----------------------------------------------------+
; Post-Synthesis Netlist Statistics for Top Partition ;
+-----------------------+-----------------------------+
; Type                  ; Count                       ;
+-----------------------+-----------------------------+
; arriav_ff             ; 417                         ;
;     CLR               ; 112                         ;
;     CLR SCLR          ; 1                           ;
;     CLR SLD           ; 5                           ;
;     ENA               ; 8                           ;
;     ENA CLR           ; 276                         ;
;     ENA CLR SCLR      ; 8                           ;
;     ENA SCLR          ; 7                           ;
; arriav_lcell_comb     ; 270                         ;
;     arith             ; 55                          ;
;         0 data inputs ; 2                           ;
;         1 data inputs ; 44                          ;
;         2 data inputs ; 7                           ;
;         3 data inputs ; 2                           ;
;     extend            ; 14                          ;
;         7 data inputs ; 14                          ;
;     normal            ; 201                         ;
;         1 data inputs ; 12                          ;
;         2 data inputs ; 20                          ;
;         3 data inputs ; 18                          ;
;         4 data inputs ; 27                          ;
;         5 data inputs ; 66                          ;
;         6 data inputs ; 58                          ;
; boundary_port         ; 82                          ;
; stratixv_ram_block    ; 1                           ;
;                       ;                             ;
; Max LUT depth         ; 5.00                        ;
; Average LUT depth     ; 2.06                        ;
+-----------------------+-----------------------------+


+-------------------------------+
; Elapsed Time Per Partition    ;
+----------------+--------------+
; Partition Name ; Elapsed Time ;
+----------------+--------------+
; Top            ; 00:00:01     ;
+----------------+--------------+


+-------------------------------+
; Analysis & Synthesis Messages ;
+-------------------------------+
Info: *******************************************************************
Info: Running Quartus Prime Analysis & Synthesis
    Info: Version 25.1std.0 Build 1129 10/21/2025 SC Lite Edition
    Info: Processing started: Sun Mar 29 09:34:32 2026
Info: Command: quartus_map --read_settings_files=on --write_settings_files=off In-Vehicle_Communication_IP_FPGA -c In-Vehicle_Communication_IP_FPGA
Warning (18236): Number of processors has not been specified which may cause overloading on shared machines.  Set the global assignment NUM_PARALLEL_PROCESSORS in your QSF to an appropriate value for best performance.
Info (20030): Parallel compilation is enabled and will use 4 of the 4 processors detected
Info (12021): Found 1 design units, including 1 entities, in source file rtl/top/can_fd_top.v
    Info (12023): Found entity 1: can_fd_top File: D:/VLSI/In-Vehicle Communication IP (CAN + CAN-FD)/RTL/top/can_fd_top.v Line: 1
Info (12021): Found 1 design units, including 1 entities, in source file rtl/top/apb_slave.v
    Info (12023): Found entity 1: apb_slave File: D:/VLSI/In-Vehicle Communication IP (CAN + CAN-FD)/RTL/top/apb_slave.v Line: 1
Info (12021): Found 1 design units, including 1 entities, in source file rtl/tx/tx_fsm.v
    Info (12023): Found entity 1: tx_fsm File: D:/VLSI/In-Vehicle Communication IP (CAN + CAN-FD)/RTL/tx/tx_fsm.v Line: 1
Info (12021): Found 1 design units, including 1 entities, in source file rtl/tx/can_fd_tx.v
    Info (12023): Found entity 1: can_fd_tx File: D:/VLSI/In-Vehicle Communication IP (CAN + CAN-FD)/RTL/tx/can_fd_tx.v Line: 1
Info (12021): Found 1 design units, including 1 entities, in source file rtl/rx/rx_fsm.v
    Info (12023): Found entity 1: rx_fsm File: D:/VLSI/In-Vehicle Communication IP (CAN + CAN-FD)/RTL/rx/rx_fsm.v Line: 1
Info (12021): Found 1 design units, including 1 entities, in source file rtl/rx/can_fd_rx.v
    Info (12023): Found entity 1: can_fd_rx File: D:/VLSI/In-Vehicle Communication IP (CAN + CAN-FD)/RTL/rx/can_fd_rx.v Line: 1
Info (12021): Found 1 design units, including 1 entities, in source file rtl/protocol/interrupt_ctrl.v
    Info (12023): Found entity 1: interrupt_ctrl File: D:/VLSI/In-Vehicle Communication IP (CAN + CAN-FD)/RTL/protocol/interrupt_ctrl.v Line: 1
Info (12021): Found 1 design units, including 1 entities, in source file rtl/protocol/error_manager.v
    Info (12023): Found entity 1: error_manager File: D:/VLSI/In-Vehicle Communication IP (CAN + CAN-FD)/RTL/protocol/error_manager.v Line: 1
Info (12021): Found 1 design units, including 1 entities, in source file rtl/protocol/error_handler.v
    Info (12023): Found entity 1: error_handler File: D:/VLSI/In-Vehicle Communication IP (CAN + CAN-FD)/RTL/protocol/error_handler.v Line: 1
Info (12021): Found 1 design units, including 1 entities, in source file rtl/protocol/crc.v
    Info (12023): Found entity 1: crc File: D:/VLSI/In-Vehicle Communication IP (CAN + CAN-FD)/RTL/protocol/crc.v Line: 1
Info (12021): Found 1 design units, including 1 entities, in source file rtl/protocol/bit_stuff.v
    Info (12023): Found entity 1: bit_stuff File: D:/VLSI/In-Vehicle Communication IP (CAN + CAN-FD)/RTL/protocol/bit_stuff.v Line: 1
Info (12021): Found 1 design units, including 1 entities, in source file rtl/protocol/bit_destuff.v
    Info (12023): Found entity 1: bit_destuff File: D:/VLSI/In-Vehicle Communication IP (CAN + CAN-FD)/RTL/protocol/bit_destuff.v Line: 1
Info (12021): Found 1 design units, including 1 entities, in source file rtl/protocol/arbitration.v
    Info (12023): Found entity 1: arbitration File: D:/VLSI/In-Vehicle Communication IP (CAN + CAN-FD)/RTL/protocol/arbitration.v Line: 1
Info (12021): Found 1 design units, including 1 entities, in source file rtl/protocol/acceptance_filter.v
    Info (12023): Found entity 1: acceptance_filter File: D:/VLSI/In-Vehicle Communication IP (CAN + CAN-FD)/RTL/protocol/acceptance_filter.v Line: 1
Info (12021): Found 1 design units, including 1 entities, in source file rtl/common/fifo.v
    Info (12023): Found entity 1: fifo File: D:/VLSI/In-Vehicle Communication IP (CAN + CAN-FD)/RTL/common/fifo.v Line: 1
Info (12021): Found 1 design units, including 1 entities, in source file rtl/common/bit_timing.v
    Info (12023): Found entity 1: bit_timing File: D:/VLSI/In-Vehicle Communication IP (CAN + CAN-FD)/RTL/common/bit_timing.v Line: 1
Info (12127): Elaborating entity "can_fd_top" for the top level hierarchy
Info (12128): Elaborating entity "apb_slave" for hierarchy "apb_slave:apb" File: D:/VLSI/In-Vehicle Communication IP (CAN + CAN-FD)/RTL/top/can_fd_top.v Line: 43
Info (12128): Elaborating entity "bit_timing" for hierarchy "bit_timing:bt" File: D:/VLSI/In-Vehicle Communication IP (CAN + CAN-FD)/RTL/top/can_fd_top.v Line: 65
Warning (10230): Verilog HDL assignment warning at bit_timing.v(19): truncated value with size 32 to match size of target (4) File: D:/VLSI/In-Vehicle Communication IP (CAN + CAN-FD)/RTL/common/bit_timing.v Line: 19
Info (12128): Elaborating entity "crc" for hierarchy "crc:crc_inst" File: D:/VLSI/In-Vehicle Communication IP (CAN + CAN-FD)/RTL/top/can_fd_top.v Line: 78
Warning (10230): Verilog HDL assignment warning at crc.v(16): truncated value with size 32 to match size of target (21) File: D:/VLSI/In-Vehicle Communication IP (CAN + CAN-FD)/RTL/protocol/crc.v Line: 16
Warning (10230): Verilog HDL assignment warning at crc.v(18): truncated value with size 32 to match size of target (21) File: D:/VLSI/In-Vehicle Communication IP (CAN + CAN-FD)/RTL/protocol/crc.v Line: 18
Info (12128): Elaborating entity "error_manager" for hierarchy "error_manager:err_mgr" File: D:/VLSI/In-Vehicle Communication IP (CAN + CAN-FD)/RTL/top/can_fd_top.v Line: 114
Warning (10230): Verilog HDL assignment warning at error_manager.v(30): truncated value with size 32 to match size of target (8) File: D:/VLSI/In-Vehicle Communication IP (CAN + CAN-FD)/RTL/protocol/error_manager.v Line: 30
Warning (10230): Verilog HDL assignment warning at error_manager.v(35): truncated value with size 32 to match size of target (8) File: D:/VLSI/In-Vehicle Communication IP (CAN + CAN-FD)/RTL/protocol/error_manager.v Line: 35
Warning (10230): Verilog HDL assignment warning at error_manager.v(41): truncated value with size 32 to match size of target (8) File: D:/VLSI/In-Vehicle Communication IP (CAN + CAN-FD)/RTL/protocol/error_manager.v Line: 41
Warning (10230): Verilog HDL assignment warning at error_manager.v(44): truncated value with size 32 to match size of target (8) File: D:/VLSI/In-Vehicle Communication IP (CAN + CAN-FD)/RTL/protocol/error_manager.v Line: 44
Info (12128): Elaborating entity "can_fd_tx" for hierarchy "can_fd_tx:tx" File: D:/VLSI/In-Vehicle Communication IP (CAN + CAN-FD)/RTL/top/can_fd_top.v Line: 138
Warning (10230): Verilog HDL assignment warning at can_fd_tx.v(111): truncated value with size 32 to match size of target (8) File: D:/VLSI/In-Vehicle Communication IP (CAN + CAN-FD)/RTL/tx/can_fd_tx.v Line: 111
Warning (10230): Verilog HDL assignment warning at can_fd_tx.v(127): truncated value with size 32 to match size of target (8) File: D:/VLSI/In-Vehicle Communication IP (CAN + CAN-FD)/RTL/tx/can_fd_tx.v Line: 127
Warning (10230): Verilog HDL assignment warning at can_fd_tx.v(135): truncated value with size 32 to match size of target (8) File: D:/VLSI/In-Vehicle Communication IP (CAN + CAN-FD)/RTL/tx/can_fd_tx.v Line: 135
Info (12128): Elaborating entity "bit_stuff" for hierarchy "can_fd_tx:tx|bit_stuff:bs_inst" File: D:/VLSI/In-Vehicle Communication IP (CAN + CAN-FD)/RTL/tx/can_fd_tx.v Line: 62
Warning (10230): Verilog HDL assignment warning at bit_stuff.v(17): truncated value with size 32 to match size of target (3) File: D:/VLSI/In-Vehicle Communication IP (CAN + CAN-FD)/RTL/protocol/bit_stuff.v Line: 17
Info (12128): Elaborating entity "can_fd_rx" for hierarchy "can_fd_rx:rx" File: D:/VLSI/In-Vehicle Communication IP (CAN + CAN-FD)/RTL/top/can_fd_top.v Line: 161
Warning (10230): Verilog HDL assignment warning at can_fd_rx.v(113): truncated value with size 32 to match size of target (8) File: D:/VLSI/In-Vehicle Communication IP (CAN + CAN-FD)/RTL/rx/can_fd_rx.v Line: 113
Info (12128): Elaborating entity "bit_destuff" for hierarchy "can_fd_rx:rx|bit_destuff:destuff_inst" File: D:/VLSI/In-Vehicle Communication IP (CAN + CAN-FD)/RTL/rx/can_fd_rx.v Line: 43
Warning (10230): Verilog HDL assignment warning at bit_destuff.v(19): truncated value with size 32 to match size of target (3) File: D:/VLSI/In-Vehicle Communication IP (CAN + CAN-FD)/RTL/protocol/bit_destuff.v Line: 19
Info (12128): Elaborating entity "acceptance_filter" for hierarchy "can_fd_rx:rx|acceptance_filter:filt_inst" File: D:/VLSI/In-Vehicle Communication IP (CAN + CAN-FD)/RTL/rx/can_fd_rx.v Line: 53
Info (12128): Elaborating entity "interrupt_ctrl" for hierarchy "interrupt_ctrl:intr" File: D:/VLSI/In-Vehicle Communication IP (CAN + CAN-FD)/RTL/top/can_fd_top.v Line: 173
Info (286030): Timing-Driven Synthesis is running
Info (19000): Inferred 1 megafunctions from design logic
    Info (276034): Inferred altshift_taps megafunction from the following design logic: "can_fd_rx:rx|shift_stage1_rtl_0"
        Info (286033): Parameter NUMBER_OF_TAPS set to 1
        Info (286033): Parameter TAP_DISTANCE set to 97
        Info (286033): Parameter WIDTH set to 1
        Info (286033): Parameter POWER_UP_STATE set to DONT_CARE
Info (12130): Elaborated megafunction instantiation "can_fd_rx:rx|altshift_taps:shift_stage1_rtl_0"
Info (12133): Instantiated megafunction "can_fd_rx:rx|altshift_taps:shift_stage1_rtl_0" with the following parameter:
    Info (12134): Parameter "NUMBER_OF_TAPS" = "1"
    Info (12134): Parameter "TAP_DISTANCE" = "97"
    Info (12134): Parameter "WIDTH" = "1"
    Info (12134): Parameter "POWER_UP_STATE" = "DONT_CARE"
Info (12021): Found 1 design units, including 1 entities, in source file db/shift_taps_juv.tdf
    Info (12023): Found entity 1: shift_taps_juv File: D:/VLSI/In-Vehicle Communication IP (CAN + CAN-FD)/db/shift_taps_juv.tdf Line: 29
Info (12021): Found 1 design units, including 1 entities, in source file db/altsyncram_9gc1.tdf
    Info (12023): Found entity 1: altsyncram_9gc1 File: D:/VLSI/In-Vehicle Communication IP (CAN + CAN-FD)/db/altsyncram_9gc1.tdf Line: 28
Info (12021): Found 1 design units, including 1 entities, in source file db/cntr_qjf.tdf
    Info (12023): Found entity 1: cntr_qjf File: D:/VLSI/In-Vehicle Communication IP (CAN + CAN-FD)/db/cntr_qjf.tdf Line: 28
Info (12021): Found 1 design units, including 1 entities, in source file db/cmpr_f9c.tdf
    Info (12023): Found entity 1: cmpr_f9c File: D:/VLSI/In-Vehicle Communication IP (CAN + CAN-FD)/db/cmpr_f9c.tdf Line: 23
Info (12021): Found 1 design units, including 1 entities, in source file db/cntr_e3h.tdf
    Info (12023): Found entity 1: cntr_e3h File: D:/VLSI/In-Vehicle Communication IP (CAN + CAN-FD)/db/cntr_e3h.tdf Line: 28
Info (17049): 4 registers lost all their fanouts during netlist optimizations.
Info (144001): Generated suppressed messages file D:/VLSI/In-Vehicle Communication IP (CAN + CAN-FD)/output_files/In-Vehicle_Communication_IP_FPGA.map.smsg
Info (16010): Generating hard_block partition "hard_block:auto_generated_inst"
    Info (16011): Adding 0 node(s), including 0 DDIO, 0 PLL, 0 transceiver and 0 LCELL
Info (21057): Implemented 669 device resources after synthesis - the final resource count might be different
    Info (21058): Implemented 48 input pins
    Info (21059): Implemented 34 output pins
    Info (21061): Implemented 586 logic cells
    Info (21064): Implemented 1 RAM segments
Info: Quartus Prime Analysis & Synthesis was successful. 0 errors, 14 warnings
    Info: Peak virtual memory: 4881 megabytes
    Info: Processing ended: Sun Mar 29 09:34:42 2026
    Info: Elapsed time: 00:00:10
    Info: Total CPU time (on all processors): 00:00:23


+------------------------------------------+
; Analysis & Synthesis Suppressed Messages ;
+------------------------------------------+
The suppressed messages can be found in D:/VLSI/In-Vehicle Communication IP (CAN + CAN-FD)/output_files/In-Vehicle_Communication_IP_FPGA.map.smsg.


