Flow report for In-Vehicle_Communication_IP_FPGA
Sun Mar 29 13:40:27 2026
Quartus Prime Version 25.1std.0 Build 1129 10/21/2025 SC Lite Edition


---------------------
; Table of Contents ;
---------------------
  1. Legal Notice
  2. Flow Summary
  3. Flow Settings
  4. Flow Non-Default Global Settings
  5. Flow Elapsed Time
  6. Flow OS Summary
  7. Flow Log
  8. Flow Messages
  9. Flow Suppressed Messages



----------------
; Legal Notice ;
----------------
Copyright (C) 2025  Altera Corporation. All rights reserved.
Your use of Altera Corporation's design tools, logic functions 
and other software and tools, and any partner logic 
functions, and any output files from any of the foregoing 
(including device programming or simulation files), and any 
associated documentation or information are expressly subject 
to the terms and conditions of the Altera Program License 
Subscription Agreement, the Altera Quartus Prime License Agreement,
the Altera IP License Agreement, or other applicable license
agreement, including, without limitation, that your use is for
the sole purpose of programming logic devices manufactured by
Altera and sold by Altera or its authorized distributors.  Please
refer to the Altera Software License Subscription Agreements 
on the Quartus Prime software download page.



+------------------------------------------------------------------------------------+
; Flow Summary                                                                       ;
+---------------------------------+--------------------------------------------------+
; Flow Status                     ; MIF/HEX Update Failed - Sun Mar 29 13:40:27 2026 ;
; Quartus Prime Version           ; 25.1std.0 Build 1129 10/21/2025 SC Lite Edition  ;
; Revision Name                   ; In-Vehicle_Communication_IP_FPGA                 ;
; Top-level Entity Name           ; can_fd_top                                       ;
; Family                          ; Cyclone V                                        ;
; Device                          ; 5CGXFC7C6F23C6                                   ;
; Timing Models                   ; Final                                            ;
; Logic utilization (in ALMs)     ; 201 / 56,480 ( < 1 % )                           ;
; Total registers                 ; 426                                              ;
; Total pins                      ; 82 / 268 ( 31 % )                                ;
; Total virtual pins              ; 0                                                ;
; Total block memory bits         ; 97 / 7,024,640 ( < 1 % )                         ;
; Total DSP Blocks                ; 0 / 156 ( 0 % )                                  ;
; Total HSSI RX PCSs              ; 0 / 6 ( 0 % )                                    ;
; Total HSSI PMA RX Deserializers ; 0 / 6 ( 0 % )                                    ;
; Total HSSI TX PCSs              ; 0 / 6 ( 0 % )                                    ;
; Total HSSI PMA TX Serializers   ; 0 / 6 ( 0 % )                                    ;
; Total PLLs                      ; 0 / 13 ( 0 % )                                   ;
; Total DLLs                      ; 0 / 4 ( 0 % )                                    ;
+---------------------------------+--------------------------------------------------+


+------------------------------------------------------+
; Flow Settings                                        ;
+-------------------+----------------------------------+
; Option            ; Setting                          ;
+-------------------+----------------------------------+
; Start date & time ; 03/29/2026 09:34:32              ;
; Main task         ; Compilation                      ;
; Revision Name     ; In-Vehicle_Communication_IP_FPGA ;
+-------------------+----------------------------------+


+-------------------------------------------------------------------------------------------------------------------------------------------------------------------+
; Flow Non-Default Global Settings                                                                                                                                  ;
+-------------------------------------+----------------------------------------+----------------------------------+-------------+-----------------------------------+
; Assignment Name                     ; Value                                  ; Default Value                    ; Entity Name ; Section Id                        ;
+-------------------------------------+----------------------------------------+----------------------------------+-------------+-----------------------------------+
; COMPILER_SIGNATURE_ID               ; 165292358648147.177475707206508        ; --                               ; --          ; --                                ;
; EDA_GENERATE_FUNCTIONAL_NETLIST     ; Off                                    ; --                               ; --          ; eda_board_design_timing           ;
; EDA_GENERATE_FUNCTIONAL_NETLIST     ; Off                                    ; --                               ; --          ; eda_board_design_boundary_scan    ;
; EDA_GENERATE_FUNCTIONAL_NETLIST     ; Off                                    ; --                               ; --          ; eda_board_design_signal_integrity ;
; EDA_GENERATE_FUNCTIONAL_NETLIST     ; Off                                    ; --                               ; --          ; eda_board_design_symbol           ;
; EDA_OUTPUT_DATA_FORMAT              ; Verilog Hdl                            ; --                               ; --          ; eda_simulation                    ;
; EDA_SIMULATION_TOOL                 ; Questa Altera FPGA (Verilog)           ; <None>                           ; --          ; --                                ;
; EDA_TIME_SCALE                      ; 1 ps                                   ; --                               ; --          ; eda_simulation                    ;
; MAX_CORE_JUNCTION_TEMP              ; 85                                     ; --                               ; --          ; --                                ;
; MIN_CORE_JUNCTION_TEMP              ; 0                                      ; --                               ; --          ; --                                ;
; PARTITION_COLOR                     ; -- (Not supported for targeted family) ; --                               ; can_fd_top  ; Top                               ;
; PARTITION_FITTER_PRESERVATION_LEVEL ; -- (Not supported for targeted family) ; --                               ; can_fd_top  ; Top                               ;
; PARTITION_NETLIST_TYPE              ; -- (Not supported for targeted family) ; --                               ; can_fd_top  ; Top                               ;
; POWER_BOARD_THERMAL_MODEL           ; None (CONSERVATIVE)                    ; --                               ; --          ; --                                ;
; POWER_PRESET_COOLING_SOLUTION       ; 23 MM HEAT SINK WITH 200 LFPM AIRFLOW  ; --                               ; --          ; --                                ;
; PROJECT_OUTPUT_DIRECTORY            ; output_files                           ; --                               ; --          ; --                                ;
; TOP_LEVEL_ENTITY                    ; can_fd_top                             ; In-Vehicle_Communication_IP_FPGA ; --          ; --                                ;
+-------------------------------------+----------------------------------------+----------------------------------+-------------+-----------------------------------+


+--------------------------------------------------------------------------------------------------------------------------+
; Flow Elapsed Time                                                                                                        ;
+----------------------+--------------+-------------------------+---------------------+------------------------------------+
; Module Name          ; Elapsed Time ; Average Processors Used ; Peak Virtual Memory ; Total CPU Time (on all processors) ;
+----------------------+--------------+-------------------------+---------------------+------------------------------------+
; Analysis & Synthesis ; 00:00:10     ; 1.0                     ; 4881 MB             ; 00:00:23                           ;
; Fitter               ; 00:00:50     ; 1.0                     ; 6884 MB             ; 00:01:52                           ;
; Assembler            ; 00:00:07     ; 1.0                     ; 5376 MB             ; 00:00:08                           ;
; Timing Analyzer      ; 00:00:06     ; 1.2                     ; 5417 MB             ; 00:00:08                           ;
; EDA Netlist Writer   ; 00:00:01     ; 1.0                     ; 4769 MB             ; 00:00:01                           ;
; MIF/HEX Update       ; 00:00:12     ; 1.0                     ; 4930 MB             ; 00:00:03                           ;
; Total                ; 00:01:26     ; --                      ; --                  ; 00:02:35                           ;
+----------------------+--------------+-------------------------+---------------------+------------------------------------+


+------------------------------------------------------------------------------------+
; Flow OS Summary                                                                    ;
+----------------------+------------------+------------+------------+----------------+
; Module Name          ; Machine Hostname ; OS Name    ; OS Version ; Processor type ;
+----------------------+------------------+------------+------------+----------------+
; Analysis & Synthesis ; LAPTOP-FG3HRTAB  ; Windows 10 ; 10.0       ; x86_64         ;
; Fitter               ; LAPTOP-FG3HRTAB  ; Windows 10 ; 10.0       ; x86_64         ;
; Assembler            ; LAPTOP-FG3HRTAB  ; Windows 10 ; 10.0       ; x86_64         ;
; Timing Analyzer      ; LAPTOP-FG3HRTAB  ; Windows 10 ; 10.0       ; x86_64         ;
; EDA Netlist Writer   ; LAPTOP-FG3HRTAB  ; Windows 10 ; 10.0       ; x86_64         ;
; MIF/HEX Update       ; LAPTOP-FG3HRTAB  ; Windows 10 ; 10.0       ; x86_64         ;
+----------------------+------------------+------------+------------+----------------+


------------
; Flow Log ;
------------
quartus_map --read_settings_files=on --write_settings_files=off In-Vehicle_Communication_IP_FPGA -c In-Vehicle_Communication_IP_FPGA
quartus_fit --read_settings_files=off --write_settings_files=off In-Vehicle_Communication_IP_FPGA -c In-Vehicle_Communication_IP_FPGA
quartus_asm --read_settings_files=off --write_settings_files=off In-Vehicle_Communication_IP_FPGA -c In-Vehicle_Communication_IP_FPGA
quartus_sta In-Vehicle_Communication_IP_FPGA -c In-Vehicle_Communication_IP_FPGA
quartus_eda --read_settings_files=off --write_settings_files=off In-Vehicle_Communication_IP_FPGA -c In-Vehicle_Communication_IP_FPGA
quartus_cdb In-Vehicle_Communication_IP_FPGA -c In-Vehicle_Communication_IP_FPGA --update_mif



