Analysis & Synthesis report for In_Vehicle_Communication_IP_FPGA
Sat Mar 28 22:03:46 2026
Quartus Prime Version 25.1std.0 Build 1129 10/21/2025 SC Lite Edition


---------------------
; Table of Contents ;
---------------------
  1. Legal Notice
  2. Analysis & Synthesis Summary
  3. Analysis & Synthesis Settings
  4. Parallel Compilation
  5. Analysis & Synthesis Source Files Read
  6. Analysis & Synthesis Resource Usage Summary
  7. Analysis & Synthesis Resource Utilization by Entity
  8. State Machine - |can_fd_top|can_fd_rx:rx|state
  9. State Machine - |can_fd_top|can_fd_tx:tx|state
 10. Registers Removed During Synthesis
 11. General Register Statistics
 12. Inverted Register Statistics
 13. Multiplexer Restructuring Statistics (Restructuring Performed)
 14. Parameter Settings for User Entity Instance: bit_timing:bt
 15. Port Connectivity Checks: "can_fd_rx:rx"
 16. Port Connectivity Checks: "can_fd_tx:tx"
 17. Port Connectivity Checks: "error_manager:err_mgr"
 18. Port Connectivity Checks: "crc:crc_inst"
 19. Port Connectivity Checks: "apb_slave:apb"
 20. Post-Synthesis Netlist Statistics for Top Partition
 21. Elapsed Time Per Partition
 22. Analysis & Synthesis Messages
 23. Analysis & Synthesis Suppressed Messages



----------------
; Legal Notice ;
----------------
Copyright (C) 2025  Altera Corporation. All rights reserved.
Your use of Altera Corporation's design tools, logic functions 
and other software and tools, and any partner logic 
functions, and any output files from any of the foregoing 
(including device programming or simulation files), and any 
associated documentation or information are expressly subject 
to the terms and conditions of the Altera Program License 
Subscription Agreement, the Altera Quartus Prime License Agreement,
the Altera IP License Agreement, or other applicable license
agreement, including, without limitation, that your use is for
the sole purpose of programming logic devices manufactured by
Altera and sold by Altera or its authorized distributors.  Please
refer to the Altera Software License Subscription Agreements 
on the Quartus Prime software download page.



+-----------------------------------------------------------------------------------+
; Analysis & Synthesis Summary                                                      ;
+---------------------------------+-------------------------------------------------+
; Analysis & Synthesis Status     ; Successful - Sat Mar 28 22:03:46 2026           ;
; Quartus Prime Version           ; 25.1std.0 Build 1129 10/21/2025 SC Lite Edition ;
; Revision Name                   ; In_Vehicle_Communication_IP_FPGA                ;
; Top-level Entity Name           ; can_fd_top                                      ;
; Family                          ; Cyclone V                                       ;
; Logic utilization (in ALMs)     ; N/A                                             ;
; Total registers                 ; 385                                             ;
; Total pins                      ; 82                                              ;
; Total virtual pins              ; 0                                               ;
; Total block memory bits         ; 0                                               ;
; Total DSP Blocks                ; 0                                               ;
; Total HSSI RX PCSs              ; 0                                               ;
; Total HSSI PMA RX Deserializers ; 0                                               ;
; Total HSSI TX PCSs              ; 0                                               ;
; Total HSSI PMA TX Serializers   ; 0                                               ;
; Total PLLs                      ; 0                                               ;
; Total DLLs                      ; 0                                               ;
+---------------------------------+-------------------------------------------------+


+-----------------------------------------------------------------------------------------------------------------------------------------+
; Analysis & Synthesis Settings                                                                                                           ;
+---------------------------------------------------------------------------------+--------------------+----------------------------------+
; Option                                                                          ; Setting            ; Default Value                    ;
+---------------------------------------------------------------------------------+--------------------+----------------------------------+
; Device                                                                          ; 5CGXFC7C6F23C6     ;                                  ;
; Top-level entity name                                                           ; can_fd_top         ; In_Vehicle_Communication_IP_FPGA ;
; Family name                                                                     ; Cyclone V          ; Cyclone V                        ;
; Use smart compilation                                                           ; Off                ; Off                              ;
; Enable parallel Assembler and Timing Analyzer during compilation                ; On                 ; On                               ;
; Enable compact report table                                                     ; Off                ; Off                              ;
; Restructure Multiplexers                                                        ; Auto               ; Auto                             ;
; MLAB Add Timing Constraints For Mixed-Port Feed-Through Mode Setting Don't Care ; Off                ; Off                              ;
; Create Debugging Nodes for IP Cores                                             ; Off                ; Off                              ;
; Preserve fewer node names                                                       ; On                 ; On                               ;
; Intel FPGA IP Evaluation Mode                                                   ; Enable             ; Enable                           ;
; Verilog Version                                                                 ; Verilog_2001       ; Verilog_2001                     ;
; VHDL Version                                                                    ; VHDL_1993          ; VHDL_1993                        ;
; State Machine Processing                                                        ; Auto               ; Auto                             ;
; Safe State Machine                                                              ; Off                ; Off                              ;
; Extract Verilog State Machines                                                  ; On                 ; On                               ;
; Extract VHDL State Machines                                                     ; On                 ; On                               ;
; Ignore Verilog initial constructs                                               ; Off                ; Off                              ;
; Iteration limit for constant Verilog loops                                      ; 5000               ; 5000                             ;
; Iteration limit for non-constant Verilog loops                                  ; 250                ; 250                              ;
; Add Pass-Through Logic to Inferred RAMs                                         ; On                 ; On                               ;
; Infer RAMs from Raw Logic                                                       ; On                 ; On                               ;
; Parallel Synthesis                                                              ; On                 ; On                               ;
; DSP Block Balancing                                                             ; Auto               ; Auto                             ;
; NOT Gate Push-Back                                                              ; On                 ; On                               ;
; Power-Up Don't Care                                                             ; On                 ; On                               ;
; Remove Redundant Logic Cells                                                    ; Off                ; Off                              ;
; Remove Duplicate Registers                                                      ; On                 ; On                               ;
; Ignore CARRY Buffers                                                            ; Off                ; Off                              ;
; Ignore CASCADE Buffers                                                          ; Off                ; Off                              ;
; Ignore GLOBAL Buffers                                                           ; Off                ; Off                              ;
; Ignore ROW GLOBAL Buffers                                                       ; Off                ; Off                              ;
; Ignore LCELL Buffers                                                            ; Off                ; Off                              ;
; Ignore SOFT Buffers                                                             ; On                 ; On                               ;
; Limit AHDL Integers to 32 Bits                                                  ; Off                ; Off                              ;
; Optimization Technique                                                          ; Balanced           ; Balanced                         ;
; Carry Chain Length                                                              ; 70                 ; 70                               ;
; Auto Carry Chains                                                               ; On                 ; On                               ;
; Auto Open-Drain Pins                                                            ; On                 ; On                               ;
; Perform WYSIWYG Primitive Resynthesis                                           ; Off                ; Off                              ;
; Auto ROM Replacement                                                            ; On                 ; On                               ;
; Auto RAM Replacement                                                            ; On                 ; On                               ;
; Auto DSP Block Replacement                                                      ; On                 ; On                               ;
; Auto Shift Register Replacement                                                 ; Auto               ; Auto                             ;
; Allow Shift Register Merging across Hierarchies                                 ; Auto               ; Auto                             ;
; Auto Clock Enable Replacement                                                   ; On                 ; On                               ;
; Strict RAM Replacement                                                          ; Off                ; Off                              ;
; Allow Synchronous Control Signals                                               ; On                 ; On                               ;
; Force Use of Synchronous Clear Signals                                          ; Off                ; Off                              ;
; Auto Resource Sharing                                                           ; Off                ; Off                              ;
; Allow Any RAM Size For Recognition                                              ; Off                ; Off                              ;
; Allow Any ROM Size For Recognition                                              ; Off                ; Off                              ;
; Allow Any Shift Register Size For Recognition                                   ; Off                ; Off                              ;
; Use LogicLock Constraints during Resource Balancing                             ; On                 ; On                               ;
; Ignore translate_off and synthesis_off directives                               ; Off                ; Off                              ;
; Timing-Driven Synthesis                                                         ; On                 ; On                               ;
; Report Parameter Settings                                                       ; On                 ; On                               ;
; Report Source Assignments                                                       ; On                 ; On                               ;
; Report Connectivity Checks                                                      ; On                 ; On                               ;
; Ignore Maximum Fan-Out Assignments                                              ; Off                ; Off                              ;
; Synchronization Register Chain Length                                           ; 3                  ; 3                                ;
; Power Optimization During Synthesis                                             ; Normal compilation ; Normal compilation               ;
; HDL message level                                                               ; Level2             ; Level2                           ;
; Suppress Register Optimization Related Messages                                 ; Off                ; Off                              ;
; Number of Removed Registers Reported in Synthesis Report                        ; 5000               ; 5000                             ;
; Number of Swept Nodes Reported in Synthesis Report                              ; 5000               ; 5000                             ;
; Number of Inverted Registers Reported in Synthesis Report                       ; 100                ; 100                              ;
; Clock MUX Protection                                                            ; On                 ; On                               ;
; Auto Gated Clock Conversion                                                     ; Off                ; Off                              ;
; Block Design Naming                                                             ; Auto               ; Auto                             ;
; SDC constraint protection                                                       ; Off                ; Off                              ;
; Synthesis Effort                                                                ; Auto               ; Auto                             ;
; Shift Register Replacement - Allow Asynchronous Clear Signal                    ; On                 ; On                               ;
; Pre-Mapping Resynthesis Optimization                                            ; Off                ; Off                              ;
; Analysis & Synthesis Message Level                                              ; Medium             ; Medium                           ;
; Disable Register Merging Across Hierarchies                                     ; Auto               ; Auto                             ;
; Resource Aware Inference For Block RAM                                          ; On                 ; On                               ;
; Automatic Parallel Synthesis                                                    ; On                 ; On                               ;
; Partial Reconfiguration Bitstream ID                                            ; Off                ; Off                              ;
+---------------------------------------------------------------------------------+--------------------+----------------------------------+


+------------------------------------------+
; Parallel Compilation                     ;
+----------------------------+-------------+
; Processors                 ; Number      ;
+----------------------------+-------------+
; Number detected on machine ; 8           ;
; Maximum allowed            ; 4           ;
;                            ;             ;
; Average used               ; 1.00        ;
; Maximum used               ; 4           ;
;                            ;             ;
; Usage by Processor         ; % Time Used ;
;     Processor 1            ; 100.0%      ;
;     Processors 2-4         ;   0.0%      ;
+----------------------------+-------------+


+-----------------------------------------------------------------------------------------------------------------------------------------------------------------------------+
; Analysis & Synthesis Source Files Read                                                                                                                                      ;
+----------------------------------+-----------------+------------------------+-------------------------------------------------------------------------------------+---------+
; File Name with User-Entered Path ; Used in Netlist ; File Type              ; File Name with Absolute Path                                                        ; Library ;
+----------------------------------+-----------------+------------------------+-------------------------------------------------------------------------------------+---------+
; RTL/top/can_fd_top.v             ; yes             ; User Verilog HDL File  ; D:/VLSI/In-Vehicle Communication IP (CAN + CAN-FD)/RTL/top/can_fd_top.v             ;         ;
; RTL/top/apb_slave.v              ; yes             ; User Verilog HDL File  ; D:/VLSI/In-Vehicle Communication IP (CAN + CAN-FD)/RTL/top/apb_slave.v              ;         ;
; RTL/tx/can_fd_tx.v               ; yes             ; User Verilog HDL File  ; D:/VLSI/In-Vehicle Communication IP (CAN + CAN-FD)/RTL/tx/can_fd_tx.v               ;         ;
; RTL/rx/can_fd_rx.v               ; yes             ; User Verilog HDL File  ; D:/VLSI/In-Vehicle Communication IP (CAN + CAN-FD)/RTL/rx/can_fd_rx.v               ;         ;
; RTL/protocol/interrupt_ctrl.v    ; yes             ; User Verilog HDL File  ; D:/VLSI/In-Vehicle Communication IP (CAN + CAN-FD)/RTL/protocol/interrupt_ctrl.v    ;         ;
; RTL/protocol/error_manager.v     ; yes             ; User Verilog HDL File  ; D:/VLSI/In-Vehicle Communication IP (CAN + CAN-FD)/RTL/protocol/error_manager.v     ;         ;
; RTL/protocol/crc.v               ; yes             ; User Verilog HDL File  ; D:/VLSI/In-Vehicle Communication IP (CAN + CAN-FD)/RTL/protocol/crc.v               ;         ;
; RTL/protocol/bit_stuff.v         ; yes             ; User Verilog HDL File  ; D:/VLSI/In-Vehicle Communication IP (CAN + CAN-FD)/RTL/protocol/bit_stuff.v         ;         ;
; RTL/protocol/bit_destuff.v       ; yes             ; User Verilog HDL File  ; D:/VLSI/In-Vehicle Communication IP (CAN + CAN-FD)/RTL/protocol/bit_destuff.v       ;         ;
; RTL/protocol/acceptance_filter.v ; yes             ; User Verilog HDL File  ; D:/VLSI/In-Vehicle Communication IP (CAN + CAN-FD)/RTL/protocol/acceptance_filter.v ;         ;
; RTL/common/bit_timing.v          ; yes             ; User Verilog HDL File  ; D:/VLSI/In-Vehicle Communication IP (CAN + CAN-FD)/RTL/common/bit_timing.v          ;         ;
+----------------------------------+-----------------+------------------------+-------------------------------------------------------------------------------------+---------+


+-----------------------------------------------------------+
; Analysis & Synthesis Resource Usage Summary               ;
+---------------------------------------------+-------------+
; Resource                                    ; Usage       ;
+---------------------------------------------+-------------+
; Estimate of Logic utilization (ALMs needed) ; 263         ;
;                                             ;             ;
; Combinational ALUT usage for logic          ; 365         ;
;     -- 7 input functions                    ; 13          ;
;     -- 6 input functions                    ; 62          ;
;     -- 5 input functions                    ; 62          ;
;     -- 4 input functions                    ; 153         ;
;     -- <=3 input functions                  ; 75          ;
;                                             ;             ;
; Dedicated logic registers                   ; 385         ;
;                                             ;             ;
; I/O pins                                    ; 82          ;
;                                             ;             ;
; Total DSP Blocks                            ; 0           ;
;                                             ;             ;
; Maximum fan-out node                        ; rst_n~input ;
; Maximum fan-out                             ; 225         ;
; Total fan-out                               ; 3036        ;
; Average fan-out                             ; 3.32        ;
+---------------------------------------------+-------------+


+-------------------------------------------------------------------------------------------------------------------------------------------------------------------------------------------------------------------------------+
; Analysis & Synthesis Resource Utilization by Entity                                                                                                                                                                           ;
+----------------------------------+---------------------+---------------------------+-------------------+------------+------+--------------+---------------------------------------------------+----------------+--------------+
; Compilation Hierarchy Node       ; Combinational ALUTs ; Dedicated Logic Registers ; Block Memory Bits ; DSP Blocks ; Pins ; Virtual Pins ; Full Hierarchy Name                               ; Entity Name    ; Library Name ;
+----------------------------------+---------------------+---------------------------+-------------------+------------+------+--------------+---------------------------------------------------+----------------+--------------+
; |can_fd_top                      ; 365 (0)             ; 385 (0)                   ; 0                 ; 0          ; 82   ; 0            ; |can_fd_top                                       ; can_fd_top     ; work         ;
;    |apb_slave:apb|               ; 73 (73)             ; 160 (160)                 ; 0                 ; 0          ; 0    ; 0            ; |can_fd_top|apb_slave:apb                         ; apb_slave      ; work         ;
;    |bit_timing:bt|               ; 5 (5)               ; 5 (5)                     ; 0                 ; 0          ; 0    ; 0            ; |can_fd_top|bit_timing:bt                         ; bit_timing     ; work         ;
;    |can_fd_rx:rx|                ; 166 (162)           ; 157 (152)                 ; 0                 ; 0          ; 0    ; 0            ; |can_fd_top|can_fd_rx:rx                          ; can_fd_rx      ; work         ;
;       |bit_destuff:destuff_inst| ; 4 (4)               ; 5 (5)                     ; 0                 ; 0          ; 0    ; 0            ; |can_fd_top|can_fd_rx:rx|bit_destuff:destuff_inst ; bit_destuff    ; work         ;
;    |can_fd_tx:tx|                ; 65 (60)             ; 23 (18)                   ; 0                 ; 0          ; 0    ; 0            ; |can_fd_top|can_fd_tx:tx                          ; can_fd_tx      ; work         ;
;       |bit_stuff:bs_inst|        ; 5 (5)               ; 5 (5)                     ; 0                 ; 0          ; 0    ; 0            ; |can_fd_top|can_fd_tx:tx|bit_stuff:bs_inst        ; bit_stuff      ; work         ;
;    |crc:crc_inst|                ; 15 (15)             ; 21 (21)                   ; 0                 ; 0          ; 0    ; 0            ; |can_fd_top|crc:crc_inst                          ; crc            ; work         ;
;    |error_manager:err_mgr|       ; 37 (37)             ; 16 (16)                   ; 0                 ; 0          ; 0    ; 0            ; |can_fd_top|error_manager:err_mgr                 ; error_manager  ; work         ;
;    |interrupt_ctrl:intr|         ; 4 (4)               ; 3 (3)                     ; 0                 ; 0          ; 0    ; 0            ; |can_fd_top|interrupt_ctrl:intr                   ; interrupt_ctrl ; work         ;
+----------------------------------+---------------------+---------------------------+-------------------+------------+------+--------------+---------------------------------------------------+----------------+--------------+
Note: For table entries with two numbers listed, the numbers in parentheses indicate the number of resources of the given type used by the specific entity alone. The numbers listed outside of parentheses indicate the total resources of the given type used by the specific entity and all of its sub-entities in the hierarchy.


Encoding Type:  One-Hot
+---------------------------------------------------------+
; State Machine - |can_fd_top|can_fd_rx:rx|state          ;
+---------------+------------+------------+---------------+
; Name          ; state.IDLE ; state.DONE ; state.RECEIVE ;
+---------------+------------+------------+---------------+
; state.IDLE    ; 0          ; 0          ; 0             ;
; state.RECEIVE ; 1          ; 0          ; 1             ;
; state.DONE    ; 1          ; 1          ; 0             ;
+---------------+------------+------------+---------------+


Encoding Type:  One-Hot
+---------------------------------------------------------------------------------------------------------------+
; State Machine - |can_fd_top|can_fd_tx:tx|state                                                                ;
+------------+-----------+-----------+-----------+------------+------------+-----------+-----------+------------+
; Name       ; state.EOF ; state.ACK ; state.CRC ; state.DATA ; state.CTRL ; state.ARB ; state.SOF ; state.IDLE ;
+------------+-----------+-----------+-----------+------------+------------+-----------+-----------+------------+
; state.IDLE ; 0         ; 0         ; 0         ; 0          ; 0          ; 0         ; 0         ; 0          ;
; state.SOF  ; 0         ; 0         ; 0         ; 0          ; 0          ; 0         ; 1         ; 1          ;
; state.ARB  ; 0         ; 0         ; 0         ; 0          ; 0          ; 1         ; 0         ; 1          ;
; state.CTRL ; 0         ; 0         ; 0         ; 0          ; 1          ; 0         ; 0         ; 1          ;
; state.DATA ; 0         ; 0         ; 0         ; 1          ; 0          ; 0         ; 0         ; 1          ;
; state.CRC  ; 0         ; 0         ; 1         ; 0          ; 0          ; 0         ; 0         ; 1          ;
; state.ACK  ; 0         ; 1         ; 0         ; 0          ; 0          ; 0         ; 0         ; 1          ;
; state.EOF  ; 1         ; 0         ; 0         ; 0          ; 0          ; 0         ; 0         ; 1          ;
+------------+-----------+-----------+-----------+------------+------------+-----------+-----------+------------+


+------------------------------------------------------------+
; Registers Removed During Synthesis                         ;
+---------------------------------------+--------------------+
; Register name                         ; Reason for Removal ;
+---------------------------------------+--------------------+
; can_fd_tx:tx|state~11                 ; Lost fanout        ;
; can_fd_tx:tx|state~12                 ; Lost fanout        ;
; can_fd_tx:tx|state~13                 ; Lost fanout        ;
; can_fd_tx:tx|state~14                 ; Lost fanout        ;
; Total Number of Removed Registers = 4 ;                    ;
+---------------------------------------+--------------------+


+------------------------------------------------------+
; General Register Statistics                          ;
+----------------------------------------------+-------+
; Statistic                                    ; Value ;
+----------------------------------------------+-------+
; Total registers                              ; 385   ;
; Number of registers using Synchronous Clear  ; 9     ;
; Number of registers using Synchronous Load   ; 5     ;
; Number of registers using Asynchronous Clear ; 384   ;
; Number of registers using Asynchronous Load  ; 0     ;
; Number of registers using Clock Enable       ; 192   ;
; Number of registers using Preset             ; 0     ;
+----------------------------------------------+-------+


+--------------------------------------------------+
; Inverted Register Statistics                     ;
+----------------------------------------+---------+
; Inverted Register                      ; Fan out ;
+----------------------------------------+---------+
; can_fd_tx:tx|can_tx_raw                ; 6       ;
; Total number of inverted registers = 1 ;         ;
+----------------------------------------+---------+


+--------------------------------------------------------------------------------------------------------------------------------------------------------------------------+
; Multiplexer Restructuring Statistics (Restructuring Performed)                                                                                                           ;
+--------------------+-----------+---------------+----------------------+------------------------+------------+------------------------------------------------------------+
; Multiplexer Inputs ; Bus Width ; Baseline Area ; Area if Restructured ; Saving if Restructured ; Registered ; Example Multiplexer Output                                 ;
+--------------------+-----------+---------------+----------------------+------------------------+------------+------------------------------------------------------------+
; 3:1                ; 3 bits    ; 6 LEs         ; 3 LEs                ; 3 LEs                  ; Yes        ; |can_fd_top|error_manager:err_mgr|TEC[2]                   ;
; 3:1                ; 8 bits    ; 16 LEs        ; 8 LEs                ; 8 LEs                  ; Yes        ; |can_fd_top|error_manager:err_mgr|REC[2]                   ;
; 3:1                ; 3 bits    ; 6 LEs         ; 6 LEs                ; 0 LEs                  ; Yes        ; |can_fd_top|can_fd_tx:tx|bit_stuff:bs_inst|count[0]        ;
; 3:1                ; 3 bits    ; 6 LEs         ; 6 LEs                ; 0 LEs                  ; Yes        ; |can_fd_top|can_fd_rx:rx|bit_destuff:destuff_inst|count[0] ;
; 4:1                ; 5 bits    ; 10 LEs        ; 10 LEs               ; 0 LEs                  ; Yes        ; |can_fd_top|error_manager:err_mgr|TEC[4]                   ;
; 5:1                ; 8 bits    ; 24 LEs        ; 0 LEs                ; 24 LEs                 ; Yes        ; |can_fd_top|can_fd_tx:tx|bit_cnt[6]                        ;
; 256:1              ; 32 bits   ; 5440 LEs      ; 256 LEs              ; 5184 LEs               ; No         ; |can_fd_top|apb_slave:apb|Selector31                       ;
; 11:1               ; 4 bits    ; 28 LEs        ; 20 LEs               ; 8 LEs                  ; No         ; |can_fd_top|can_fd_tx:tx|state                             ;
+--------------------+-----------+---------------+----------------------+------------------------+------------+------------------------------------------------------------+


+------------------------------------------------------------+
; Parameter Settings for User Entity Instance: bit_timing:bt ;
+----------------+-------+-----------------------------------+
; Parameter Name ; Value ; Type                              ;
+----------------+-------+-----------------------------------+
; DIV            ; 10    ; Signed Integer                    ;
+----------------+-------+-----------------------------------+
Note: In order to hide this table in the UI and the text report file, please set the "Show Parameter Settings in Synthesis Report" option in "Analysis and Synthesis Settings -> More Settings" to "Off".


+---------------------------------------------------------------------------------------------------------------------+
; Port Connectivity Checks: "can_fd_rx:rx"                                                                            ;
+-----------+--------+----------+-------------------------------------------------------------------------------------+
; Port      ; Type   ; Severity ; Details                                                                             ;
+-----------+--------+----------+-------------------------------------------------------------------------------------+
; rx_id     ; Output ; Info     ; Connected to dangling logic. Logic that only feeds a dangling port will be removed. ;
; rx_data   ; Output ; Info     ; Connected to dangling logic. Logic that only feeds a dangling port will be removed. ;
; crc_error ; Output ; Info     ; Explicitly unconnected                                                              ;
; bit_error ; Output ; Info     ; Explicitly unconnected                                                              ;
+-----------+--------+----------+-------------------------------------------------------------------------------------+


+-----------------------------------------------------------------------------------------------------------------------------------------------------------------------------------------------------------------------+
; Port Connectivity Checks: "can_fd_tx:tx"                                                                                                                                                                              ;
+--------------+--------+----------+------------------------------------------------------------------------------------------------------------------------------------------------------------------------------------+
; Port         ; Type   ; Severity ; Details                                                                                                                                                                            ;
+--------------+--------+----------+------------------------------------------------------------------------------------------------------------------------------------------------------------------------------------+
; tx_len       ; Input  ; Warning  ; Input port expression (32 bits) is wider than the input port (6 bits) it drives.  The 26 most-significant bit(s) in the expression will be dangling if they have no other fanouts. ;
; tx_len[5..4] ; Input  ; Info     ; Stuck at GND                                                                                                                                                                       ;
; tx_len[2..0] ; Input  ; Info     ; Stuck at GND                                                                                                                                                                       ;
; tx_len[3]    ; Input  ; Info     ; Stuck at VCC                                                                                                                                                                       ;
; arb_lost     ; Output ; Info     ; Connected to dangling logic. Logic that only feeds a dangling port will be removed.                                                                                                ;
+--------------+--------+----------+------------------------------------------------------------------------------------------------------------------------------------------------------------------------------------+


+----------------------------------------------------------------------------------------------------------------+
; Port Connectivity Checks: "error_manager:err_mgr"                                                              ;
+------+--------+----------+-------------------------------------------------------------------------------------+
; Port ; Type   ; Severity ; Details                                                                             ;
+------+--------+----------+-------------------------------------------------------------------------------------+
; TEC  ; Output ; Info     ; Connected to dangling logic. Logic that only feeds a dangling port will be removed. ;
; REC  ; Output ; Info     ; Connected to dangling logic. Logic that only feeds a dangling port will be removed. ;
+------+--------+----------+-------------------------------------------------------------------------------------+


+------------------------------------------------+
; Port Connectivity Checks: "crc:crc_inst"       ;
+--------------+-------+----------+--------------+
; Port         ; Type  ; Severity ; Details      ;
+--------------+-------+----------+--------------+
; data[63..32] ; Input ; Info     ; Stuck at GND ;
+--------------+-------+----------+--------------+


+-----------------------------------------------------------------------------------------------------------------------------+
; Port Connectivity Checks: "apb_slave:apb"                                                                                   ;
+-------------------+--------+----------+-------------------------------------------------------------------------------------+
; Port              ; Type   ; Severity ; Details                                                                             ;
+-------------------+--------+----------+-------------------------------------------------------------------------------------+
; CTRL[31..2]       ; Output ; Info     ; Connected to dangling logic. Logic that only feeds a dangling port will be removed. ;
; TX_ID[31..11]     ; Output ; Info     ; Connected to dangling logic. Logic that only feeds a dangling port will be removed. ;
; FILTER_ID[31..11] ; Output ; Info     ; Connected to dangling logic. Logic that only feeds a dangling port will be removed. ;
; MASK[31..11]      ; Output ; Info     ; Connected to dangling logic. Logic that only feeds a dangling port will be removed. ;
+-------------------+--------+----------+-------------------------------------------------------------------------------------+


+-----------------------------------------------------+
; Post-Synthesis Netlist Statistics for Top Partition ;
+-----------------------+-----------------------------+
; Type                  ; Count                       ;
+-----------------------+-----------------------------+
; arriav_ff             ; 385                         ;
;     CLR               ; 187                         ;
;     CLR SCLR          ; 1                           ;
;     CLR SLD           ; 5                           ;
;     ENA               ; 1                           ;
;     ENA CLR           ; 183                         ;
;     ENA CLR SCLR      ; 8                           ;
; arriav_lcell_comb     ; 365                         ;
;     arith             ; 32                          ;
;         1 data inputs ; 25                          ;
;         2 data inputs ; 7                           ;
;     extend            ; 13                          ;
;         7 data inputs ; 13                          ;
;     normal            ; 320                         ;
;         1 data inputs ; 2                           ;
;         2 data inputs ; 22                          ;
;         3 data inputs ; 19                          ;
;         4 data inputs ; 153                         ;
;         5 data inputs ; 62                          ;
;         6 data inputs ; 62                          ;
; boundary_port         ; 82                          ;
;                       ;                             ;
; Max LUT depth         ; 5.00                        ;
; Average LUT depth     ; 1.86                        ;
+-----------------------+-----------------------------+


+-------------------------------+
; Elapsed Time Per Partition    ;
+----------------+--------------+
; Partition Name ; Elapsed Time ;
+----------------+--------------+
; Top            ; 00:00:02     ;
+----------------+--------------+


+-------------------------------+
; Analysis & Synthesis Messages ;
+-------------------------------+
Info: *******************************************************************
Info: Running Quartus Prime Analysis & Synthesis
    Info: Version 25.1std.0 Build 1129 10/21/2025 SC Lite Edition
    Info: Processing started: Sat Mar 28 22:03:23 2026
Info: Command: quartus_map --read_settings_files=on --write_settings_files=off In_Vehicle_Communication_IP_FPGA -c In_Vehicle_Communication_IP_FPGA
Warning (18236): Number of processors has not been specified which may cause overloading on shared machines.  Set the global assignment NUM_PARALLEL_PROCESSORS in your QSF to an appropriate value for best performance.
Info (20030): Parallel compilation is enabled and will use 4 of the 4 processors detected
Info (12021): Found 1 design units, including 1 entities, in source file rtl/top/can_fd_top.v
    Info (12023): Found entity 1: can_fd_top File: D:/VLSI/In-Vehicle Communication IP (CAN + CAN-FD)/RTL/top/can_fd_top.v Line: 1
Info (12021): Found 1 design units, including 1 entities, in source file rtl/top/apb_slave.v
    Info (12023): Found entity 1: apb_slave File: D:/VLSI/In-Vehicle Communication IP (CAN + CAN-FD)/RTL/top/apb_slave.v Line: 1
Info (12021): Found 1 design units, including 1 entities, in source file rtl/tx/tx_fsm.v
    Info (12023): Found entity 1: tx_fsm File: D:/VLSI/In-Vehicle Communication IP (CAN + CAN-FD)/RTL/tx/tx_fsm.v Line: 1
Info (12021): Found 1 design units, including 1 entities, in source file rtl/tx/can_fd_tx.v
    Info (12023): Found entity 1: can_fd_tx File: D:/VLSI/In-Vehicle Communication IP (CAN + CAN-FD)/RTL/tx/can_fd_tx.v Line: 1
Info (12021): Found 1 design units, including 1 entities, in source file rtl/rx/rx_fsm.v
    Info (12023): Found entity 1: rx_fsm File: D:/VLSI/In-Vehicle Communication IP (CAN + CAN-FD)/RTL/rx/rx_fsm.v Line: 1
Info (12021): Found 1 design units, including 1 entities, in source file rtl/rx/can_fd_rx.v
    Info (12023): Found entity 1: can_fd_rx File: D:/VLSI/In-Vehicle Communication IP (CAN + CAN-FD)/RTL/rx/can_fd_rx.v Line: 1
Info (12021): Found 1 design units, including 1 entities, in source file rtl/protocol/interrupt_ctrl.v
    Info (12023): Found entity 1: interrupt_ctrl File: D:/VLSI/In-Vehicle Communication IP (CAN + CAN-FD)/RTL/protocol/interrupt_ctrl.v Line: 1
Info (12021): Found 1 design units, including 1 entities, in source file rtl/protocol/error_manager.v
    Info (12023): Found entity 1: error_manager File: D:/VLSI/In-Vehicle Communication IP (CAN + CAN-FD)/RTL/protocol/error_manager.v Line: 1
Info (12021): Found 1 design units, including 1 entities, in source file rtl/protocol/error_handler.v
    Info (12023): Found entity 1: error_handler File: D:/VLSI/In-Vehicle Communication IP (CAN + CAN-FD)/RTL/protocol/error_handler.v Line: 1
Info (12021): Found 1 design units, including 1 entities, in source file rtl/protocol/crc.v
    Info (12023): Found entity 1: crc File: D:/VLSI/In-Vehicle Communication IP (CAN + CAN-FD)/RTL/protocol/crc.v Line: 1
Info (12021): Found 1 design units, including 1 entities, in source file rtl/protocol/bit_stuff.v
    Info (12023): Found entity 1: bit_stuff File: D:/VLSI/In-Vehicle Communication IP (CAN + CAN-FD)/RTL/protocol/bit_stuff.v Line: 1
Info (12021): Found 1 design units, including 1 entities, in source file rtl/protocol/bit_destuff.v
    Info (12023): Found entity 1: bit_destuff File: D:/VLSI/In-Vehicle Communication IP (CAN + CAN-FD)/RTL/protocol/bit_destuff.v Line: 1
Info (12021): Found 1 design units, including 1 entities, in source file rtl/protocol/arbitration.v
    Info (12023): Found entity 1: arbitration File: D:/VLSI/In-Vehicle Communication IP (CAN + CAN-FD)/RTL/protocol/arbitration.v Line: 1
Info (12021): Found 1 design units, including 1 entities, in source file rtl/protocol/acceptance_filter.v
    Info (12023): Found entity 1: acceptance_filter File: D:/VLSI/In-Vehicle Communication IP (CAN + CAN-FD)/RTL/protocol/acceptance_filter.v Line: 1
Info (12021): Found 1 design units, including 1 entities, in source file rtl/common/fifo.v
    Info (12023): Found entity 1: fifo File: D:/VLSI/In-Vehicle Communication IP (CAN + CAN-FD)/RTL/common/fifo.v Line: 1
Info (12021): Found 1 design units, including 1 entities, in source file rtl/common/bit_timing.v
    Info (12023): Found entity 1: bit_timing File: D:/VLSI/In-Vehicle Communication IP (CAN + CAN-FD)/RTL/common/bit_timing.v Line: 1
Info (12127): Elaborating entity "can_fd_top" for the top level hierarchy
Info (12128): Elaborating entity "apb_slave" for hierarchy "apb_slave:apb" File: D:/VLSI/In-Vehicle Communication IP (CAN + CAN-FD)/RTL/top/can_fd_top.v Line: 43
Info (12128): Elaborating entity "bit_timing" for hierarchy "bit_timing:bt" File: D:/VLSI/In-Vehicle Communication IP (CAN + CAN-FD)/RTL/top/can_fd_top.v Line: 63
Warning (10230): Verilog HDL assignment warning at bit_timing.v(19): truncated value with size 32 to match size of target (4) File: D:/VLSI/In-Vehicle Communication IP (CAN + CAN-FD)/RTL/common/bit_timing.v Line: 19
Info (12128): Elaborating entity "crc" for hierarchy "crc:crc_inst" File: D:/VLSI/In-Vehicle Communication IP (CAN + CAN-FD)/RTL/top/can_fd_top.v Line: 76
Warning (10230): Verilog HDL assignment warning at crc.v(16): truncated value with size 32 to match size of target (21) File: D:/VLSI/In-Vehicle Communication IP (CAN + CAN-FD)/RTL/protocol/crc.v Line: 16
Warning (10230): Verilog HDL assignment warning at crc.v(18): truncated value with size 32 to match size of target (21) File: D:/VLSI/In-Vehicle Communication IP (CAN + CAN-FD)/RTL/protocol/crc.v Line: 18
Info (12128): Elaborating entity "error_manager" for hierarchy "error_manager:err_mgr" File: D:/VLSI/In-Vehicle Communication IP (CAN + CAN-FD)/RTL/top/can_fd_top.v Line: 112
Warning (10230): Verilog HDL assignment warning at error_manager.v(30): truncated value with size 32 to match size of target (8) File: D:/VLSI/In-Vehicle Communication IP (CAN + CAN-FD)/RTL/protocol/error_manager.v Line: 30
Warning (10230): Verilog HDL assignment warning at error_manager.v(35): truncated value with size 32 to match size of target (8) File: D:/VLSI/In-Vehicle Communication IP (CAN + CAN-FD)/RTL/protocol/error_manager.v Line: 35
Warning (10230): Verilog HDL assignment warning at error_manager.v(41): truncated value with size 32 to match size of target (8) File: D:/VLSI/In-Vehicle Communication IP (CAN + CAN-FD)/RTL/protocol/error_manager.v Line: 41
Warning (10230): Verilog HDL assignment warning at error_manager.v(44): truncated value with size 32 to match size of target (8) File: D:/VLSI/In-Vehicle Communication IP (CAN + CAN-FD)/RTL/protocol/error_manager.v Line: 44
Info (12128): Elaborating entity "can_fd_tx" for hierarchy "can_fd_tx:tx" File: D:/VLSI/In-Vehicle Communication IP (CAN + CAN-FD)/RTL/top/can_fd_top.v Line: 135
Warning (10230): Verilog HDL assignment warning at can_fd_tx.v(84): truncated value with size 32 to match size of target (8) File: D:/VLSI/In-Vehicle Communication IP (CAN + CAN-FD)/RTL/tx/can_fd_tx.v Line: 84
Warning (10230): Verilog HDL assignment warning at can_fd_tx.v(100): truncated value with size 32 to match size of target (8) File: D:/VLSI/In-Vehicle Communication IP (CAN + CAN-FD)/RTL/tx/can_fd_tx.v Line: 100
Warning (10230): Verilog HDL assignment warning at can_fd_tx.v(108): truncated value with size 32 to match size of target (8) File: D:/VLSI/In-Vehicle Communication IP (CAN + CAN-FD)/RTL/tx/can_fd_tx.v Line: 108
Info (12128): Elaborating entity "bit_stuff" for hierarchy "can_fd_tx:tx|bit_stuff:bs_inst" File: D:/VLSI/In-Vehicle Communication IP (CAN + CAN-FD)/RTL/tx/can_fd_tx.v Line: 35
Warning (10230): Verilog HDL assignment warning at bit_stuff.v(17): truncated value with size 32 to match size of target (3) File: D:/VLSI/In-Vehicle Communication IP (CAN + CAN-FD)/RTL/protocol/bit_stuff.v Line: 17
Info (12128): Elaborating entity "can_fd_rx" for hierarchy "can_fd_rx:rx" File: D:/VLSI/In-Vehicle Communication IP (CAN + CAN-FD)/RTL/top/can_fd_top.v Line: 158
Warning (10230): Verilog HDL assignment warning at can_fd_rx.v(87): truncated value with size 32 to match size of target (8) File: D:/VLSI/In-Vehicle Communication IP (CAN + CAN-FD)/RTL/rx/can_fd_rx.v Line: 87
Warning (10240): Verilog HDL Always Construct warning at can_fd_rx.v(62): inferring latch(es) for variable "bit_error", which holds its previous value in one or more paths through the always construct File: D:/VLSI/In-Vehicle Communication IP (CAN + CAN-FD)/RTL/rx/can_fd_rx.v Line: 62
Info (10041): Inferred latch for "bit_error" at can_fd_rx.v(62) File: D:/VLSI/In-Vehicle Communication IP (CAN + CAN-FD)/RTL/rx/can_fd_rx.v Line: 62
Info (12128): Elaborating entity "bit_destuff" for hierarchy "can_fd_rx:rx|bit_destuff:destuff_inst" File: D:/VLSI/In-Vehicle Communication IP (CAN + CAN-FD)/RTL/rx/can_fd_rx.v Line: 36
Warning (10230): Verilog HDL assignment warning at bit_destuff.v(19): truncated value with size 32 to match size of target (3) File: D:/VLSI/In-Vehicle Communication IP (CAN + CAN-FD)/RTL/protocol/bit_destuff.v Line: 19
Info (12128): Elaborating entity "acceptance_filter" for hierarchy "can_fd_rx:rx|acceptance_filter:filt" File: D:/VLSI/In-Vehicle Communication IP (CAN + CAN-FD)/RTL/rx/can_fd_rx.v Line: 46
Info (12128): Elaborating entity "interrupt_ctrl" for hierarchy "interrupt_ctrl:intr" File: D:/VLSI/In-Vehicle Communication IP (CAN + CAN-FD)/RTL/top/can_fd_top.v Line: 170
Warning (12241): 1 hierarchies have connectivity warnings - see the Connectivity Checks report folder
Info (286030): Timing-Driven Synthesis is running
Info (17049): 4 registers lost all their fanouts during netlist optimizations.
Info (144001): Generated suppressed messages file D:/VLSI/In-Vehicle Communication IP (CAN + CAN-FD)/output_files/In_Vehicle_Communication_IP_FPGA.map.smsg
Info (16010): Generating hard_block partition "hard_block:auto_generated_inst"
    Info (16011): Adding 0 node(s), including 0 DDIO, 0 PLL, 0 transceiver and 0 LCELL
Info (21057): Implemented 625 device resources after synthesis - the final resource count might be different
    Info (21058): Implemented 48 input pins
    Info (21059): Implemented 34 output pins
    Info (21061): Implemented 543 logic cells
Info: Quartus Prime Analysis & Synthesis was successful. 0 errors, 16 warnings
    Info: Peak virtual memory: 4861 megabytes
    Info: Processing ended: Sat Mar 28 22:03:46 2026
    Info: Elapsed time: 00:00:23
    Info: Total CPU time (on all processors): 00:00:51


+------------------------------------------+
; Analysis & Synthesis Suppressed Messages ;
+------------------------------------------+
The suppressed messages can be found in D:/VLSI/In-Vehicle Communication IP (CAN + CAN-FD)/output_files/In_Vehicle_Communication_IP_FPGA.map.smsg.


